{"meta": {"format": 3, "version": "7.11.0", "timestamp": "2026-04-21T17:15:09.962937", "branch_coverage": false, "show_contexts": false}, "files": {"prmxctrl/__init__.py": {"executed_lines": [1, 6, 8, 9], "summary": {"covered_lines": 3, "num_statements": 3, "percent_covered": 100.0, "percent_covered_display": "100", "missing_lines": 0, "excluded_lines": 0}, "missing_lines": [], "excluded_lines": [], "functions": {"": {"executed_lines": [1, 6, 8, 9], "summary": {"covered_lines": 3, "num_statements": 3, "percent_covered": 100.0, "percent_covered_display": "100", "missing_lines": 0, "excluded_lines": 0}, "missing_lines": [], "excluded_lines": []}}, "classes": {"": {"executed_lines": [1, 6, 8, 9], "summary": {"covered_lines": 3, "num_statements": 3, "percent_covered": 100.0, "percent_covered_display": "100", "missing_lines": 0, "excluded_lines": 0}, "missing_lines": [], "excluded_lines": []}}}, "prmxctrl/base/__init__.py": {"executed_lines": [1, 7, 8, 16, 17, 48], "summary": {"covered_lines": 5, "num_statements": 5, "percent_covered": 100.0, "percent_covered_display": "100", "missing_lines": 0, "excluded_lines": 0}, "missing_lines": [], "excluded_lines": [], "functions": {"": {"executed_lines": [1, 7, 8, 16, 17, 48], "summary": {"covered_lines": 5, "num_statements": 5, "percent_covered": 100.0, "percent_covered_display": "100", "missing_lines": 0, "excluded_lines": 0}, "missing_lines": [], "excluded_lines": []}}, "classes": {"": {"executed_lines": [1, 7, 8, 16, 17, 48], "summary": {"covered_lines": 5, "num_statements": 5, "percent_covered": 100.0, "percent_covered_display": "100", "missing_lines": 0, "excluded_lines": 0}, "missing_lines": [], "excluded_lines": []}}}, "prmxctrl/base/endpoint_base.py": {"executed_lines": [1, 8, 9, 11, 13, 17, 18, 33, 41, 42, 44, 58, 59, 62, 63, 65, 81, 101, 123, 145, 165, 185, 203, 204, 208, 209], "summary": {"covered_lines": 24, "num_statements": 40, "percent_covered": 60.0, "percent_covered_display": "60", "missing_lines": 16, "excluded_lines": 0}, "missing_lines": [14, 79, 98, 99, 120, 121, 142, 143, 162, 163, 181, 182, 183, 201, 206, 211], "excluded_lines": [], "functions": {"EndpointBase.__init__": {"executed_lines": [41, 42], "summary": {"covered_lines": 2, "num_statements": 2, "percent_covered": 100.0, "percent_covered_display": "100", "missing_lines": 0, "excluded_lines": 0}, "missing_lines": [], "excluded_lines": []}, "EndpointBase._build_path": {"executed_lines": [58, 59, 62, 63], "summary": {"covered_lines": 4, "num_statements": 4, "percent_covered": 100.0, "percent_covered_display": "100", "missing_lines": 0, "excluded_lines": 0}, "missing_lines": [], "excluded_lines": []}, "EndpointBase._build_url": {"executed_lines": [], "summary": {"covered_lines": 0, "num_statements": 1, "percent_covered": 0.0, "percent_covered_display": "0", "missing_lines": 1, "excluded_lines": 0}, "missing_lines": [79], "excluded_lines": []}, "EndpointBase._get": {"executed_lines": [], "summary": {"covered_lines": 0, "num_statements": 2, "percent_covered": 0.0, "percent_covered_display": "0", "missing_lines": 2, "excluded_lines": 0}, "missing_lines": [98, 99], "excluded_lines": []}, "EndpointBase._post": {"executed_lines": [], "summary": {"covered_lines": 0, "num_statements": 2, "percent_covered": 0.0, "percent_covered_display": "0", "missing_lines": 2, "excluded_lines": 0}, "missing_lines": [120, 121], "excluded_lines": []}, "EndpointBase._put": {"executed_lines": [], "summary": {"covered_lines": 0, "num_statements": 2, "percent_covered": 0.0, "percent_covered_display": "0", "missing_lines": 2, "excluded_lines": 0}, "missing_lines": [142, 143], "excluded_lines": []}, "EndpointBase._delete": {"executed_lines": [], "summary": {"covered_lines": 0, "num_statements": 2, "percent_covered": 0.0, "percent_covered_display": "0", "missing_lines": 2, "excluded_lines": 0}, "missing_lines": [162, 163], "excluded_lines": []}, "EndpointBase._prepare_params": {"executed_lines": [], "summary": {"covered_lines": 0, "num_statements": 3, "percent_covered": 0.0, "percent_covered_display": "0", "missing_lines": 3, "excluded_lines": 0}, "missing_lines": [181, 182, 183], "excluded_lines": []}, "EndpointBase._convert_response": {"executed_lines": [], "summary": {"covered_lines": 0, "num_statements": 1, "percent_covered": 0.0, "percent_covered_display": "0", "missing_lines": 1, "excluded_lines": 0}, "missing_lines": [201], "excluded_lines": []}, "EndpointBase.path": {"executed_lines": [], "summary": {"covered_lines": 0, "num_statements": 1, "percent_covered": 0.0, "percent_covered_display": "0", "missing_lines": 1, "excluded_lines": 0}, "missing_lines": [206], "excluded_lines": []}, "EndpointBase.client": {"executed_lines": [], "summary": {"covered_lines": 0, "num_statements": 1, "percent_covered": 0.0, "percent_covered_display": "0", "missing_lines": 1, "excluded_lines": 0}, "missing_lines": [211], "excluded_lines": []}, "": {"executed_lines": [1, 8, 9, 11, 13, 17, 18, 33, 44, 65, 81, 101, 123, 145, 165, 185, 203, 204, 208, 209], "summary": {"covered_lines": 18, "num_statements": 19, "percent_covered": 94.73684210526316, "percent_covered_display": "95", "missing_lines": 1, "excluded_lines": 0}, "missing_lines": [14], "excluded_lines": []}}, "classes": {"EndpointBase": {"executed_lines": [41, 42, 58, 59, 62, 63], "summary": {"covered_lines": 6, "num_statements": 21, "percent_covered": 28.571428571428573, "percent_covered_display": "29", "missing_lines": 15, "excluded_lines": 0}, "missing_lines": [79, 98, 99, 120, 121, 142, 143, 162, 163, 181, 182, 183, 201, 206, 211], "excluded_lines": []}, "": {"executed_lines": [1, 8, 9, 11, 13, 17, 18, 33, 44, 65, 81, 101, 123, 145, 165, 185, 203, 204, 208, 209], "summary": {"covered_lines": 18, "num_statements": 19, "percent_covered": 94.73684210526316, "percent_covered_display": "95", "missing_lines": 1, "excluded_lines": 0}, "missing_lines": [14], "excluded_lines": []}}}, "prmxctrl/base/exceptions.py": {"executed_lines": [1, 8, 11, 12, 19, 27, 28, 29, 31, 33, 35, 38, 39, 46, 64, 65, 66, 67, 70, 71, 78, 92, 93, 96, 97, 104, 118, 119, 122, 123, 130, 148, 149, 150, 151, 153, 154, 158, 159, 164, 165, 172, 186, 187, 189, 190], "summary": {"covered_lines": 39, "num_statements": 43, "percent_covered": 90.69767441860465, "percent_covered_display": "91", "missing_lines": 4, "excluded_lines": 0}, "missing_lines": [34, 156, 161, 192], "excluded_lines": [], "functions": {"ProxmoxError.__init__": {"executed_lines": [27, 28, 29], "summary": {"covered_lines": 3, "num_statements": 3, "percent_covered": 100.0, "percent_covered_display": "100", "missing_lines": 0, "excluded_lines": 0}, "missing_lines": [], "excluded_lines": []}, "ProxmoxError.__str__": {"executed_lines": [33, 35], "summary": {"covered_lines": 2, "num_statements": 3, "percent_covered": 66.66666666666667, "percent_covered_display": "67", "missing_lines": 1, "excluded_lines": 0}, "missing_lines": [34], "excluded_lines": []}, "ProxmoxAuthError.__init__": {"executed_lines": [64, 65, 66, 67], "summary": {"covered_lines": 4, "num_statements": 4, "percent_covered": 100.0, "percent_covered_display": "100", "missing_lines": 0, "excluded_lines": 0}, "missing_lines": [], "excluded_lines": []}, "ProxmoxConnectionError.__init__": {"executed_lines": [92, 93], "summary": {"covered_lines": 2, "num_statements": 2, "percent_covered": 100.0, "percent_covered_display": "100", "missing_lines": 0, "excluded_lines": 0}, "missing_lines": [], "excluded_lines": []}, "ProxmoxTimeoutError.__init__": {"executed_lines": [118, 119], "summary": {"covered_lines": 2, "num_statements": 2, "percent_covered": 100.0, "percent_covered_display": "100", "missing_lines": 0, "excluded_lines": 0}, "missing_lines": [], "excluded_lines": []}, "ProxmoxAPIError.__init__": {"executed_lines": [148, 149, 150, 151], "summary": {"covered_lines": 4, "num_statements": 4, "percent_covered": 100.0, "percent_covered_display": "100", "missing_lines": 0, "excluded_lines": 0}, "missing_lines": [], "excluded_lines": []}, "ProxmoxAPIError.is_client_error": {"executed_lines": [], "summary": {"covered_lines": 0, "num_statements": 1, "percent_covered": 0.0, "percent_covered_display": "0", "missing_lines": 1, "excluded_lines": 0}, "missing_lines": [156], "excluded_lines": []}, "ProxmoxAPIError.is_server_error": {"executed_lines": [], "summary": {"covered_lines": 0, "num_statements": 1, "percent_covered": 0.0, "percent_covered_display": "0", "missing_lines": 1, "excluded_lines": 0}, "missing_lines": [161], "excluded_lines": []}, "ProxmoxValidationError.__init__": {"executed_lines": [186, 187], "summary": {"covered_lines": 2, "num_statements": 2, "percent_covered": 100.0, "percent_covered_display": "100", "missing_lines": 0, "excluded_lines": 0}, "missing_lines": [], "excluded_lines": []}, "ProxmoxValidationError.has_field_errors": {"executed_lines": [], "summary": {"covered_lines": 0, "num_statements": 1, "percent_covered": 0.0, "percent_covered_display": "0", "missing_lines": 1, "excluded_lines": 0}, "missing_lines": [192], "excluded_lines": []}, "": {"executed_lines": [1, 8, 11, 12, 19, 31, 38, 39, 46, 70, 71, 78, 96, 97, 104, 122, 123, 130, 153, 154, 158, 159, 164, 165, 172, 189, 190], "summary": {"covered_lines": 20, "num_statements": 20, "percent_covered": 100.0, "percent_covered_display": "100", "missing_lines": 0, "excluded_lines": 0}, "missing_lines": [], "excluded_lines": []}}, "classes": {"ProxmoxError": {"executed_lines": [27, 28, 29, 33, 35], "summary": {"covered_lines": 5, "num_statements": 6, "percent_covered": 83.33333333333333, "percent_covered_display": "83", "missing_lines": 1, "excluded_lines": 0}, "missing_lines": [34], "excluded_lines": []}, "ProxmoxAuthError": {"executed_lines": [64, 65, 66, 67], "summary": {"covered_lines": 4, "num_statements": 4, "percent_covered": 100.0, "percent_covered_display": "100", "missing_lines": 0, "excluded_lines": 0}, "missing_lines": [], "excluded_lines": []}, "ProxmoxConnectionError": {"executed_lines": [92, 93], "summary": {"covered_lines": 2, "num_statements": 2, "percent_covered": 100.0, "percent_covered_display": "100", "missing_lines": 0, "excluded_lines": 0}, "missing_lines": [], "excluded_lines": []}, "ProxmoxTimeoutError": {"executed_lines": [118, 119], "summary": {"covered_lines": 2, "num_statements": 2, "percent_covered": 100.0, "percent_covered_display": "100", "missing_lines": 0, "excluded_lines": 0}, "missing_lines": [], "excluded_lines": []}, "ProxmoxAPIError": {"executed_lines": [148, 149, 150, 151], "summary": {"covered_lines": 4, "num_statements": 6, "percent_covered": 66.66666666666667, "percent_covered_display": "67", "missing_lines": 2, "excluded_lines": 0}, "missing_lines": [156, 161], "excluded_lines": []}, "ProxmoxValidationError": {"executed_lines": [186, 187], "summary": {"covered_lines": 2, "num_statements": 3, "percent_covered": 66.66666666666667, "percent_covered_display": "67", "missing_lines": 1, "excluded_lines": 0}, "missing_lines": [192], "excluded_lines": []}, "": {"executed_lines": [1, 8, 11, 12, 19, 31, 38, 39, 46, 70, 71, 78, 96, 97, 104, 122, 123, 130, 153, 154, 158, 159, 164, 165, 172, 189, 190], "summary": {"covered_lines": 20, "num_statements": 20, "percent_covered": 100.0, "percent_covered_display": "100", "missing_lines": 0, "excluded_lines": 0}, "missing_lines": [], "excluded_lines": []}}}, "prmxctrl/base/http_client.py": {"executed_lines": [1, 9, 10, 11, 13, 15, 20, 32, 33, 44, 71, 72, 73, 74, 75, 76, 77, 78, 81, 84, 85, 86, 87, 89, 92, 96, 98, 100, 105, 106, 108, 113, 117, 130, 141, 152, 192, 213, 304, 357, 367, 381, 395], "summary": {"covered_lines": 41, "num_statements": 132, "percent_covered": 31.060606060606062, "percent_covered_display": "31", "missing_lines": 91, "excluded_lines": 0}, "missing_lines": [93, 101, 110, 111, 115, 120, 128, 132, 133, 134, 137, 138, 139, 143, 144, 145, 146, 148, 150, 154, 155, 157, 158, 166, 167, 169, 170, 172, 173, 176, 177, 179, 180, 182, 188, 194, 195, 200, 202, 203, 205, 206, 208, 210, 211, 243, 244, 247, 248, 251, 254, 261, 262, 263, 264, 265, 267, 270, 271, 273, 275, 276, 277, 278, 280, 281, 283, 286, 287, 288, 289, 290, 297, 298, 318, 320, 321, 323, 325, 328, 335, 337, 338, 340, 341, 347, 354, 365, 377, 391, 403], "excluded_lines": [], "functions": {"HTTPClient.__init__": {"executed_lines": [71, 72, 73, 74, 75, 76, 77, 78, 81, 84, 85, 86, 87], "summary": {"covered_lines": 13, "num_statements": 13, "percent_covered": 100.0, "percent_covered_display": "100", "missing_lines": 0, "excluded_lines": 0}, "missing_lines": [], "excluded_lines": []}, "HTTPClient._validate_auth_params": {"executed_lines": [92, 96, 98, 100, 105, 106], "summary": {"covered_lines": 6, "num_statements": 8, "percent_covered": 75.0, "percent_covered_display": "75", "missing_lines": 2, "excluded_lines": 0}, "missing_lines": [93, 101], "excluded_lines": []}, "HTTPClient.__aenter__": {"executed_lines": [], "summary": {"covered_lines": 0, "num_statements": 2, "percent_covered": 0.0, "percent_covered_display": "0", "missing_lines": 2, "excluded_lines": 0}, "missing_lines": [110, 111], "excluded_lines": []}, "HTTPClient.__aexit__": {"executed_lines": [], "summary": {"covered_lines": 0, "num_statements": 1, "percent_covered": 0.0, "percent_covered_display": "0", "missing_lines": 1, "excluded_lines": 0}, "missing_lines": [115], "excluded_lines": []}, "HTTPClient._setup_client": {"executed_lines": [], "summary": {"covered_lines": 0, "num_statements": 2, "percent_covered": 0.0, "percent_covered_display": "0", "missing_lines": 2, "excluded_lines": 0}, "missing_lines": [120, 128], "excluded_lines": []}, "HTTPClient._cleanup_client": {"executed_lines": [], "summary": {"covered_lines": 0, "num_statements": 6, "percent_covered": 0.0, "percent_covered_display": "0", "missing_lines": 6, "excluded_lines": 0}, "missing_lines": [132, 133, 134, 137, 138, 139], "excluded_lines": []}, "HTTPClient._authenticate": {"executed_lines": [], "summary": {"covered_lines": 0, "num_statements": 6, "percent_covered": 0.0, "percent_covered_display": "0", "missing_lines": 6, "excluded_lines": 0}, "missing_lines": [143, 144, 145, 146, 148, 150], "excluded_lines": []}, "HTTPClient._authenticate_ticket": {"executed_lines": [], "summary": {"covered_lines": 0, "num_statements": 16, "percent_covered": 0.0, "percent_covered_display": "0", "missing_lines": 16, "excluded_lines": 0}, "missing_lines": [154, 155, 157, 158, 166, 167, 169, 170, 172, 173, 176, 177, 179, 180, 182, 188], "excluded_lines": []}, "HTTPClient._authenticate_token": {"executed_lines": [], "summary": {"covered_lines": 0, "num_statements": 10, "percent_covered": 0.0, "percent_covered_display": "0", "missing_lines": 10, "excluded_lines": 0}, "missing_lines": [194, 195, 200, 202, 203, 205, 206, 208, 210, 211], "excluded_lines": []}, "HTTPClient.request": {"executed_lines": [], "summary": {"covered_lines": 0, "num_statements": 29, "percent_covered": 0.0, "percent_covered_display": "0", "missing_lines": 29, "excluded_lines": 0}, "missing_lines": [243, 244, 247, 248, 251, 254, 261, 262, 263, 264, 265, 267, 270, 271, 273, 275, 276, 277, 278, 280, 281, 283, 286, 287, 288, 289, 290, 297, 298], "excluded_lines": []}, "HTTPClient._handle_response": {"executed_lines": [], "summary": {"covered_lines": 0, "num_statements": 13, "percent_covered": 0.0, "percent_covered_display": "0", "missing_lines": 13, "excluded_lines": 0}, "missing_lines": [318, 320, 321, 323, 325, 328, 335, 337, 338, 340, 341, 347, 354], "excluded_lines": []}, "HTTPClient.get": {"executed_lines": [], "summary": {"covered_lines": 0, "num_statements": 1, "percent_covered": 0.0, "percent_covered_display": "0", "missing_lines": 1, "excluded_lines": 0}, "missing_lines": [365], "excluded_lines": []}, "HTTPClient.post": {"executed_lines": [], "summary": {"covered_lines": 0, "num_statements": 1, "percent_covered": 0.0, "percent_covered_display": "0", "missing_lines": 1, "excluded_lines": 0}, "missing_lines": [377], "excluded_lines": []}, "HTTPClient.put": {"executed_lines": [], "summary": {"covered_lines": 0, "num_statements": 1, "percent_covered": 0.0, "percent_covered_display": "0", "missing_lines": 1, "excluded_lines": 0}, "missing_lines": [391], "excluded_lines": []}, "HTTPClient.delete": {"executed_lines": [], "summary": {"covered_lines": 0, "num_statements": 1, "percent_covered": 0.0, "percent_covered_display": "0", "missing_lines": 1, "excluded_lines": 0}, "missing_lines": [403], "excluded_lines": []}, "": {"executed_lines": [1, 9, 10, 11, 13, 15, 20, 32, 33, 44, 89, 108, 113, 117, 130, 141, 152, 192, 213, 304, 357, 367, 381, 395], "summary": {"covered_lines": 22, "num_statements": 22, "percent_covered": 100.0, "percent_covered_display": "100", "missing_lines": 0, "excluded_lines": 0}, "missing_lines": [], "excluded_lines": []}}, "classes": {"HTTPClient": {"executed_lines": [71, 72, 73, 74, 75, 76, 77, 78, 81, 84, 85, 86, 87, 92, 96, 98, 100, 105, 106], "summary": {"covered_lines": 19, "num_statements": 110, "percent_covered": 17.272727272727273, "percent_covered_display": "17", "missing_lines": 91, "excluded_lines": 0}, "missing_lines": [93, 101, 110, 111, 115, 120, 128, 132, 133, 134, 137, 138, 139, 143, 144, 145, 146, 148, 150, 154, 155, 157, 158, 166, 167, 169, 170, 172, 173, 176, 177, 179, 180, 182, 188, 194, 195, 200, 202, 203, 205, 206, 208, 210, 211, 243, 244, 247, 248, 251, 254, 261, 262, 263, 264, 265, 267, 270, 271, 273, 275, 276, 277, 278, 280, 281, 283, 286, 287, 288, 289, 290, 297, 298, 318, 320, 321, 323, 325, 328, 335, 337, 338, 340, 341, 347, 354, 365, 377, 391, 403], "excluded_lines": []}, "": {"executed_lines": [1, 9, 10, 11, 13, 15, 20, 32, 33, 44, 89, 108, 113, 117, 130, 141, 152, 192, 213, 304, 357, 367, 381, 395], "summary": {"covered_lines": 22, "num_statements": 22, "percent_covered": 100.0, "percent_covered_display": "100", "missing_lines": 0, "excluded_lines": 0}, "missing_lines": [], "excluded_lines": []}}}, "prmxctrl/base/types.py": {"executed_lines": [1, 9, 11, 15, 16, 17, 20, 21, 24, 25, 28, 29, 30, 33, 34, 35, 36, 45, 46, 49, 50, 53, 54, 55, 58, 59, 60, 61, 62, 63, 66, 67, 70, 71, 74, 75, 78, 81, 84, 85, 86, 89, 92, 95, 96, 99, 100, 101, 102, 105, 106, 107, 110, 111, 112, 115, 116, 117, 120, 121, 124], "summary": {"covered_lines": 60, "num_statements": 61, "percent_covered": 98.36065573770492, "percent_covered_display": "98", "missing_lines": 1, "excluded_lines": 0}, "missing_lines": [12], "excluded_lines": [], "functions": {"": {"executed_lines": [1, 9, 11, 15, 16, 17, 20, 21, 24, 25, 28, 29, 30, 33, 34, 35, 36, 45, 46, 49, 50, 53, 54, 55, 58, 59, 60, 61, 62, 63, 66, 67, 70, 71, 74, 75, 78, 81, 84, 85, 86, 89, 92, 95, 96, 99, 100, 101, 102, 105, 106, 107, 110, 111, 112, 115, 116, 117, 120, 121, 124], "summary": {"covered_lines": 60, "num_statements": 61, "percent_covered": 98.36065573770492, "percent_covered_display": "98", "missing_lines": 1, "excluded_lines": 0}, "missing_lines": [12], "excluded_lines": []}}, "classes": {"": {"executed_lines": [1, 9, 11, 15, 16, 17, 20, 21, 24, 25, 28, 29, 30, 33, 34, 35, 36, 45, 46, 49, 50, 53, 54, 55, 58, 59, 60, 61, 62, 63, 66, 67, 70, 71, 74, 75, 78, 81, 84, 85, 86, 89, 92, 95, 96, 99, 100, 101, 102, 105, 106, 107, 110, 111, 112, 115, 116, 117, 120, 121, 124], "summary": {"covered_lines": 60, "num_statements": 61, "percent_covered": 98.36065573770492, "percent_covered_display": "98", "missing_lines": 1, "excluded_lines": 0}, "missing_lines": [12], "excluded_lines": []}}}, "prmxctrl/client.py": {"executed_lines": [1, 9, 10, 12, 13, 14, 15, 16, 17, 20, 21, 44, 76, 77, 81, 82, 86, 87, 91, 92, 96, 97, 101, 102], "summary": {"covered_lines": 22, "num_statements": 29, "percent_covered": 75.86206896551724, "percent_covered_display": "76", "missing_lines": 7, "excluded_lines": 0}, "missing_lines": [66, 79, 84, 89, 94, 99, 104], "excluded_lines": [], "functions": {"ProxmoxClient.__init__": {"executed_lines": [], "summary": {"covered_lines": 0, "num_statements": 1, "percent_covered": 0.0, "percent_covered_display": "0", "missing_lines": 1, "excluded_lines": 0}, "missing_lines": [66], "excluded_lines": []}, "ProxmoxClient.cluster": {"executed_lines": [], "summary": {"covered_lines": 0, "num_statements": 1, "percent_covered": 0.0, "percent_covered_display": "0", "missing_lines": 1, "excluded_lines": 0}, "missing_lines": [79], "excluded_lines": []}, "ProxmoxClient.nodes": {"executed_lines": [], "summary": {"covered_lines": 0, "num_statements": 1, "percent_covered": 0.0, "percent_covered_display": "0", "missing_lines": 1, "excluded_lines": 0}, "missing_lines": [84], "excluded_lines": []}, "ProxmoxClient.storage": {"executed_lines": [], "summary": {"covered_lines": 0, "num_statements": 1, "percent_covered": 0.0, "percent_covered_display": "0", "missing_lines": 1, "excluded_lines": 0}, "missing_lines": [89], "excluded_lines": []}, "ProxmoxClient.access": {"executed_lines": [], "summary": {"covered_lines": 0, "num_statements": 1, "percent_covered": 0.0, "percent_covered_display": "0", "missing_lines": 1, "excluded_lines": 0}, "missing_lines": [94], "excluded_lines": []}, "ProxmoxClient.pools": {"executed_lines": [], "summary": {"covered_lines": 0, "num_statements": 1, "percent_covered": 0.0, "percent_covered_display": "0", "missing_lines": 1, "excluded_lines": 0}, "missing_lines": [99], "excluded_lines": []}, "ProxmoxClient.version": {"executed_lines": [], "summary": {"covered_lines": 0, "num_statements": 1, "percent_covered": 0.0, "percent_covered_display": "0", "missing_lines": 1, "excluded_lines": 0}, "missing_lines": [104], "excluded_lines": []}, "": {"executed_lines": [1, 9, 10, 12, 13, 14, 15, 16, 17, 20, 21, 44, 76, 77, 81, 82, 86, 87, 91, 92, 96, 97, 101, 102], "summary": {"covered_lines": 22, "num_statements": 22, "percent_covered": 100.0, "percent_covered_display": "100", "missing_lines": 0, "excluded_lines": 0}, "missing_lines": [], "excluded_lines": []}}, "classes": {"ProxmoxClient": {"executed_lines": [], "summary": {"covered_lines": 0, "num_statements": 7, "percent_covered": 0.0, "percent_covered_display": "0", "missing_lines": 7, "excluded_lines": 0}, "missing_lines": [66, 79, 84, 89, 94, 99, 104], "excluded_lines": []}, "": {"executed_lines": [1, 9, 10, 12, 13, 14, 15, 16, 17, 20, 21, 44, 76, 77, 81, 82, 86, 87, 91, 92, 96, 97, 101, 102], "summary": {"covered_lines": 22, "num_statements": 22, "percent_covered": 100.0, "percent_covered_display": "100", "missing_lines": 0, "excluded_lines": 0}, "missing_lines": [], "excluded_lines": []}}}, "prmxctrl/endpoints/__init__.py": {"executed_lines": [1], "summary": {"covered_lines": 0, "num_statements": 0, "percent_covered": 100.0, "percent_covered_display": "100", "missing_lines": 0, "excluded_lines": 0}, "missing_lines": [], "excluded_lines": [], "functions": {"": {"executed_lines": [1], "summary": {"covered_lines": 0, "num_statements": 0, "percent_covered": 100.0, "percent_covered_display": "100", "missing_lines": 0, "excluded_lines": 0}, "missing_lines": [], "excluded_lines": []}}, "classes": {"": {"executed_lines": [1], "summary": {"covered_lines": 0, "num_statements": 0, "percent_covered": 100.0, "percent_covered_display": "100", "missing_lines": 0, "excluded_lines": 0}, "missing_lines": [], "excluded_lines": []}}}, "prmxctrl/endpoints/access/__init__.py": {"executed_lines": [1, 9, 10, 11, 13, 14, 20], "summary": {"covered_lines": 5, "num_statements": 6, "percent_covered": 83.33333333333333, "percent_covered_display": "83", "missing_lines": 1, "excluded_lines": 0}, "missing_lines": [26], "excluded_lines": [], "functions": {"AccessEndpoints.list": {"executed_lines": [], "summary": {"covered_lines": 0, "num_statements": 1, "percent_covered": 0.0, "percent_covered_display": "0", "missing_lines": 1, "excluded_lines": 0}, "missing_lines": [26], "excluded_lines": []}, "": {"executed_lines": [1, 9, 10, 11, 13, 14, 20], "summary": {"covered_lines": 5, "num_statements": 5, "percent_covered": 100.0, "percent_covered_display": "100", "missing_lines": 0, "excluded_lines": 0}, "missing_lines": [], "excluded_lines": []}}, "classes": {"AccessEndpoints": {"executed_lines": [], "summary": {"covered_lines": 0, "num_statements": 1, "percent_covered": 0.0, "percent_covered_display": "0", "missing_lines": 1, "excluded_lines": 0}, "missing_lines": [26], "excluded_lines": []}, "": {"executed_lines": [1, 9, 10, 11, 13, 14, 20], "summary": {"covered_lines": 5, "num_statements": 5, "percent_covered": 100.0, "percent_covered_display": "100", "missing_lines": 0, "excluded_lines": 0}, "missing_lines": [], "excluded_lines": []}}}, "prmxctrl/endpoints/access/acl.py": {"executed_lines": [], "summary": {"covered_lines": 0, "num_statements": 9, "percent_covered": 0.0, "percent_covered_display": "0", "missing_lines": 9, "excluded_lines": 0}, "missing_lines": [9, 10, 11, 12, 14, 21, 27, 29, 35], "excluded_lines": [], "functions": {"AccessAclEndpoints.list": {"executed_lines": [], "summary": {"covered_lines": 0, "num_statements": 1, "percent_covered": 0.0, "percent_covered_display": "0", "missing_lines": 1, "excluded_lines": 0}, "missing_lines": [27], "excluded_lines": []}, "AccessAclEndpoints.update_acl": {"executed_lines": [], "summary": {"covered_lines": 0, "num_statements": 1, "percent_covered": 0.0, "percent_covered_display": "0", "missing_lines": 1, "excluded_lines": 0}, "missing_lines": [35], "excluded_lines": []}, "": {"executed_lines": [], "summary": {"covered_lines": 0, "num_statements": 7, "percent_covered": 0.0, "percent_covered_display": "0", "missing_lines": 7, "excluded_lines": 0}, "missing_lines": [9, 10, 11, 12, 14, 21, 29], "excluded_lines": []}}, "classes": {"AccessAclEndpoints": {"executed_lines": [], "summary": {"covered_lines": 0, "num_statements": 2, "percent_covered": 0.0, "percent_covered_display": "0", "missing_lines": 2, "excluded_lines": 0}, "missing_lines": [27, 35], "excluded_lines": []}, "": {"executed_lines": [], "summary": {"covered_lines": 0, "num_statements": 7, "percent_covered": 0.0, "percent_covered_display": "0", "missing_lines": 7, "excluded_lines": 0}, "missing_lines": [9, 10, 11, 12, 14, 21, 29], "excluded_lines": []}}}, "prmxctrl/endpoints/access/domains.py": {"executed_lines": [], "summary": {"covered_lines": 0, "num_statements": 13, "percent_covered": 0.0, "percent_covered_display": "0", "missing_lines": 13, "excluded_lines": 0}, "missing_lines": [9, 10, 11, 12, 13, 15, 21, 23, 24, 30, 36, 38, 44], "excluded_lines": [], "functions": {"AccessDomainsEndpoints.__call__": {"executed_lines": [], "summary": {"covered_lines": 0, "num_statements": 2, "percent_covered": 0.0, "percent_covered_display": "0", "missing_lines": 2, "excluded_lines": 0}, "missing_lines": [23, 24], "excluded_lines": []}, "AccessDomainsEndpoints.list": {"executed_lines": [], "summary": {"covered_lines": 0, "num_statements": 1, "percent_covered": 0.0, "percent_covered_display": "0", "missing_lines": 1, "excluded_lines": 0}, "missing_lines": [36], "excluded_lines": []}, "AccessDomainsEndpoints.create": {"executed_lines": [], "summary": {"covered_lines": 0, "num_statements": 1, "percent_covered": 0.0, "percent_covered_display": "0", "missing_lines": 1, "excluded_lines": 0}, "missing_lines": [44], "excluded_lines": []}, "": {"executed_lines": [], "summary": {"covered_lines": 0, "num_statements": 9, "percent_covered": 0.0, "percent_covered_display": "0", "missing_lines": 9, "excluded_lines": 0}, "missing_lines": [9, 10, 11, 12, 13, 15, 21, 30, 38], "excluded_lines": []}}, "classes": {"AccessDomainsEndpoints": {"executed_lines": [], "summary": {"covered_lines": 0, "num_statements": 4, "percent_covered": 0.0, "percent_covered_display": "0", "missing_lines": 4, "excluded_lines": 0}, "missing_lines": [23, 24, 36, 44], "excluded_lines": []}, "": {"executed_lines": [], "summary": {"covered_lines": 0, "num_statements": 9, "percent_covered": 0.0, "percent_covered_display": "0", "missing_lines": 9, "excluded_lines": 0}, "missing_lines": [9, 10, 11, 12, 13, 15, 21, 30, 38], "excluded_lines": []}}}, "prmxctrl/endpoints/access/groups.py": {"executed_lines": [], "summary": {"covered_lines": 0, "num_statements": 13, "percent_covered": 0.0, "percent_covered_display": "0", "missing_lines": 13, "excluded_lines": 0}, "missing_lines": [9, 10, 11, 12, 13, 15, 21, 23, 24, 30, 36, 38, 44], "excluded_lines": [], "functions": {"AccessGroupsEndpoints.__call__": {"executed_lines": [], "summary": {"covered_lines": 0, "num_statements": 2, "percent_covered": 0.0, "percent_covered_display": "0", "missing_lines": 2, "excluded_lines": 0}, "missing_lines": [23, 24], "excluded_lines": []}, "AccessGroupsEndpoints.list": {"executed_lines": [], "summary": {"covered_lines": 0, "num_statements": 1, "percent_covered": 0.0, "percent_covered_display": "0", "missing_lines": 1, "excluded_lines": 0}, "missing_lines": [36], "excluded_lines": []}, "AccessGroupsEndpoints.create_group": {"executed_lines": [], "summary": {"covered_lines": 0, "num_statements": 1, "percent_covered": 0.0, "percent_covered_display": "0", "missing_lines": 1, "excluded_lines": 0}, "missing_lines": [44], "excluded_lines": []}, "": {"executed_lines": [], "summary": {"covered_lines": 0, "num_statements": 9, "percent_covered": 0.0, "percent_covered_display": "0", "missing_lines": 9, "excluded_lines": 0}, "missing_lines": [9, 10, 11, 12, 13, 15, 21, 30, 38], "excluded_lines": []}}, "classes": {"AccessGroupsEndpoints": {"executed_lines": [], "summary": {"covered_lines": 0, "num_statements": 4, "percent_covered": 0.0, "percent_covered_display": "0", "missing_lines": 4, "excluded_lines": 0}, "missing_lines": [23, 24, 36, 44], "excluded_lines": []}, "": {"executed_lines": [], "summary": {"covered_lines": 0, "num_statements": 9, "percent_covered": 0.0, "percent_covered_display": "0", "missing_lines": 9, "excluded_lines": 0}, "missing_lines": [9, 10, 11, 12, 13, 15, 21, 30, 38], "excluded_lines": []}}}, "prmxctrl/endpoints/access/openid.py": {"executed_lines": [], "summary": {"covered_lines": 0, "num_statements": 16, "percent_covered": 0.0, "percent_covered_display": "0", "missing_lines": 16, "excluded_lines": 0}, "missing_lines": [9, 10, 11, 12, 13, 15, 21, 22, 24, 25, 26, 27, 29, 30, 34, 40], "excluded_lines": [], "functions": {"AccessOpenidEndpoints.auth_url": {"executed_lines": [], "summary": {"covered_lines": 0, "num_statements": 2, "percent_covered": 0.0, "percent_covered_display": "0", "missing_lines": 2, "excluded_lines": 0}, "missing_lines": [24, 25], "excluded_lines": []}, "AccessOpenidEndpoints.login": {"executed_lines": [], "summary": {"covered_lines": 0, "num_statements": 2, "percent_covered": 0.0, "percent_covered_display": "0", "missing_lines": 2, "excluded_lines": 0}, "missing_lines": [29, 30], "excluded_lines": []}, "AccessOpenidEndpoints.list": {"executed_lines": [], "summary": {"covered_lines": 0, "num_statements": 1, "percent_covered": 0.0, "percent_covered_display": "0", "missing_lines": 1, "excluded_lines": 0}, "missing_lines": [40], "excluded_lines": []}, "": {"executed_lines": [], "summary": {"covered_lines": 0, "num_statements": 11, "percent_covered": 0.0, "percent_covered_display": "0", "missing_lines": 11, "excluded_lines": 0}, "missing_lines": [9, 10, 11, 12, 13, 15, 21, 22, 26, 27, 34], "excluded_lines": []}}, "classes": {"AccessOpenidEndpoints": {"executed_lines": [], "summary": {"covered_lines": 0, "num_statements": 5, "percent_covered": 0.0, "percent_covered_display": "0", "missing_lines": 5, "excluded_lines": 0}, "missing_lines": [24, 25, 29, 30, 40], "excluded_lines": []}, "": {"executed_lines": [], "summary": {"covered_lines": 0, "num_statements": 11, "percent_covered": 0.0, "percent_covered_display": "0", "missing_lines": 11, "excluded_lines": 0}, "missing_lines": [9, 10, 11, 12, 13, 15, 21, 22, 26, 27, 34], "excluded_lines": []}}}, "prmxctrl/endpoints/access/password.py": {"executed_lines": [], "summary": {"covered_lines": 0, "num_statements": 6, "percent_covered": 0.0, "percent_covered_display": "0", "missing_lines": 6, "excluded_lines": 0}, "missing_lines": [9, 10, 11, 13, 20, 26], "excluded_lines": [], "functions": {"AccessPasswordEndpoints.change_password": {"executed_lines": [], "summary": {"covered_lines": 0, "num_statements": 1, "percent_covered": 0.0, "percent_covered_display": "0", "missing_lines": 1, "excluded_lines": 0}, "missing_lines": [26], "excluded_lines": []}, "": {"executed_lines": [], "summary": {"covered_lines": 0, "num_statements": 5, "percent_covered": 0.0, "percent_covered_display": "0", "missing_lines": 5, "excluded_lines": 0}, "missing_lines": [9, 10, 11, 13, 20], "excluded_lines": []}}, "classes": {"AccessPasswordEndpoints": {"executed_lines": [], "summary": {"covered_lines": 0, "num_statements": 1, "percent_covered": 0.0, "percent_covered_display": "0", "missing_lines": 1, "excluded_lines": 0}, "missing_lines": [26], "excluded_lines": []}, "": {"executed_lines": [], "summary": {"covered_lines": 0, "num_statements": 5, "percent_covered": 0.0, "percent_covered_display": "0", "missing_lines": 5, "excluded_lines": 0}, "missing_lines": [9, 10, 11, 13, 20], "excluded_lines": []}}}, "prmxctrl/endpoints/access/permissions.py": {"executed_lines": [], "summary": {"covered_lines": 0, "num_statements": 7, "percent_covered": 0.0, "percent_covered_display": "0", "missing_lines": 7, "excluded_lines": 0}, "missing_lines": [9, 10, 11, 12, 14, 21, 27], "excluded_lines": [], "functions": {"AccessPermissionsEndpoints.get": {"executed_lines": [], "summary": {"covered_lines": 0, "num_statements": 1, "percent_covered": 0.0, "percent_covered_display": "0", "missing_lines": 1, "excluded_lines": 0}, "missing_lines": [27], "excluded_lines": []}, "": {"executed_lines": [], "summary": {"covered_lines": 0, "num_statements": 6, "percent_covered": 0.0, "percent_covered_display": "0", "missing_lines": 6, "excluded_lines": 0}, "missing_lines": [9, 10, 11, 12, 14, 21], "excluded_lines": []}}, "classes": {"AccessPermissionsEndpoints": {"executed_lines": [], "summary": {"covered_lines": 0, "num_statements": 1, "percent_covered": 0.0, "percent_covered_display": "0", "missing_lines": 1, "excluded_lines": 0}, "missing_lines": [27], "excluded_lines": []}, "": {"executed_lines": [], "summary": {"covered_lines": 0, "num_statements": 6, "percent_covered": 0.0, "percent_covered_display": "0", "missing_lines": 6, "excluded_lines": 0}, "missing_lines": [9, 10, 11, 12, 14, 21], "excluded_lines": []}}}, "prmxctrl/endpoints/access/roles.py": {"executed_lines": [], "summary": {"covered_lines": 0, "num_statements": 13, "percent_covered": 0.0, "percent_covered_display": "0", "missing_lines": 13, "excluded_lines": 0}, "missing_lines": [9, 10, 11, 12, 13, 15, 21, 23, 24, 30, 36, 38, 44], "excluded_lines": [], "functions": {"AccessRolesEndpoints.__call__": {"executed_lines": [], "summary": {"covered_lines": 0, "num_statements": 2, "percent_covered": 0.0, "percent_covered_display": "0", "missing_lines": 2, "excluded_lines": 0}, "missing_lines": [23, 24], "excluded_lines": []}, "AccessRolesEndpoints.list": {"executed_lines": [], "summary": {"covered_lines": 0, "num_statements": 1, "percent_covered": 0.0, "percent_covered_display": "0", "missing_lines": 1, "excluded_lines": 0}, "missing_lines": [36], "excluded_lines": []}, "AccessRolesEndpoints.create_role": {"executed_lines": [], "summary": {"covered_lines": 0, "num_statements": 1, "percent_covered": 0.0, "percent_covered_display": "0", "missing_lines": 1, "excluded_lines": 0}, "missing_lines": [44], "excluded_lines": []}, "": {"executed_lines": [], "summary": {"covered_lines": 0, "num_statements": 9, "percent_covered": 0.0, "percent_covered_display": "0", "missing_lines": 9, "excluded_lines": 0}, "missing_lines": [9, 10, 11, 12, 13, 15, 21, 30, 38], "excluded_lines": []}}, "classes": {"AccessRolesEndpoints": {"executed_lines": [], "summary": {"covered_lines": 0, "num_statements": 4, "percent_covered": 0.0, "percent_covered_display": "0", "missing_lines": 4, "excluded_lines": 0}, "missing_lines": [23, 24, 36, 44], "excluded_lines": []}, "": {"executed_lines": [], "summary": {"covered_lines": 0, "num_statements": 9, "percent_covered": 0.0, "percent_covered_display": "0", "missing_lines": 9, "excluded_lines": 0}, "missing_lines": [9, 10, 11, 12, 13, 15, 21, 30, 38], "excluded_lines": []}}}, "prmxctrl/endpoints/access/tfa.py": {"executed_lines": [], "summary": {"covered_lines": 0, "num_statements": 14, "percent_covered": 0.0, "percent_covered_display": "0", "missing_lines": 14, "excluded_lines": 0}, "missing_lines": [9, 10, 11, 12, 13, 14, 16, 22, 24, 25, 31, 37, 39, 45], "excluded_lines": [], "functions": {"AccessTfaEndpoints.__call__": {"executed_lines": [], "summary": {"covered_lines": 0, "num_statements": 2, "percent_covered": 0.0, "percent_covered_display": "0", "missing_lines": 2, "excluded_lines": 0}, "missing_lines": [24, 25], "excluded_lines": []}, "AccessTfaEndpoints.list": {"executed_lines": [], "summary": {"covered_lines": 0, "num_statements": 1, "percent_covered": 0.0, "percent_covered_display": "0", "missing_lines": 1, "excluded_lines": 0}, "missing_lines": [37], "excluded_lines": []}, "AccessTfaEndpoints.verify_tfa": {"executed_lines": [], "summary": {"covered_lines": 0, "num_statements": 1, "percent_covered": 0.0, "percent_covered_display": "0", "missing_lines": 1, "excluded_lines": 0}, "missing_lines": [45], "excluded_lines": []}, "": {"executed_lines": [], "summary": {"covered_lines": 0, "num_statements": 10, "percent_covered": 0.0, "percent_covered_display": "0", "missing_lines": 10, "excluded_lines": 0}, "missing_lines": [9, 10, 11, 12, 13, 14, 16, 22, 31, 39], "excluded_lines": []}}, "classes": {"AccessTfaEndpoints": {"executed_lines": [], "summary": {"covered_lines": 0, "num_statements": 4, "percent_covered": 0.0, "percent_covered_display": "0", "missing_lines": 4, "excluded_lines": 0}, "missing_lines": [24, 25, 37, 45], "excluded_lines": []}, "": {"executed_lines": [], "summary": {"covered_lines": 0, "num_statements": 10, "percent_covered": 0.0, "percent_covered_display": "0", "missing_lines": 10, "excluded_lines": 0}, "missing_lines": [9, 10, 11, 12, 13, 14, 16, 22, 31, 39], "excluded_lines": []}}}, "prmxctrl/endpoints/access/ticket.py": {"executed_lines": [], "summary": {"covered_lines": 0, "num_statements": 9, "percent_covered": 0.0, "percent_covered_display": "0", "missing_lines": 9, "excluded_lines": 0}, "missing_lines": [9, 10, 11, 12, 14, 21, 27, 29, 35], "excluded_lines": [], "functions": {"AccessTicketEndpoints.get": {"executed_lines": [], "summary": {"covered_lines": 0, "num_statements": 1, "percent_covered": 0.0, "percent_covered_display": "0", "missing_lines": 1, "excluded_lines": 0}, "missing_lines": [27], "excluded_lines": []}, "AccessTicketEndpoints.create_ticket": {"executed_lines": [], "summary": {"covered_lines": 0, "num_statements": 1, "percent_covered": 0.0, "percent_covered_display": "0", "missing_lines": 1, "excluded_lines": 0}, "missing_lines": [35], "excluded_lines": []}, "": {"executed_lines": [], "summary": {"covered_lines": 0, "num_statements": 7, "percent_covered": 0.0, "percent_covered_display": "0", "missing_lines": 7, "excluded_lines": 0}, "missing_lines": [9, 10, 11, 12, 14, 21, 29], "excluded_lines": []}}, "classes": {"AccessTicketEndpoints": {"executed_lines": [], "summary": {"covered_lines": 0, "num_statements": 2, "percent_covered": 0.0, "percent_covered_display": "0", "missing_lines": 2, "excluded_lines": 0}, "missing_lines": [27, 35], "excluded_lines": []}, "": {"executed_lines": [], "summary": {"covered_lines": 0, "num_statements": 7, "percent_covered": 0.0, "percent_covered_display": "0", "missing_lines": 7, "excluded_lines": 0}, "missing_lines": [9, 10, 11, 12, 14, 21, 29], "excluded_lines": []}}}, "prmxctrl/endpoints/access/users.py": {"executed_lines": [], "summary": {"covered_lines": 0, "num_statements": 14, "percent_covered": 0.0, "percent_covered_display": "0", "missing_lines": 14, "excluded_lines": 0}, "missing_lines": [9, 10, 11, 12, 13, 14, 16, 22, 24, 25, 31, 37, 39, 45], "excluded_lines": [], "functions": {"AccessUsersEndpoints.__call__": {"executed_lines": [], "summary": {"covered_lines": 0, "num_statements": 2, "percent_covered": 0.0, "percent_covered_display": "0", "missing_lines": 2, "excluded_lines": 0}, "missing_lines": [24, 25], "excluded_lines": []}, "AccessUsersEndpoints.list": {"executed_lines": [], "summary": {"covered_lines": 0, "num_statements": 1, "percent_covered": 0.0, "percent_covered_display": "0", "missing_lines": 1, "excluded_lines": 0}, "missing_lines": [37], "excluded_lines": []}, "AccessUsersEndpoints.create_user": {"executed_lines": [], "summary": {"covered_lines": 0, "num_statements": 1, "percent_covered": 0.0, "percent_covered_display": "0", "missing_lines": 1, "excluded_lines": 0}, "missing_lines": [45], "excluded_lines": []}, "": {"executed_lines": [], "summary": {"covered_lines": 0, "num_statements": 10, "percent_covered": 0.0, "percent_covered_display": "0", "missing_lines": 10, "excluded_lines": 0}, "missing_lines": [9, 10, 11, 12, 13, 14, 16, 22, 31, 39], "excluded_lines": []}}, "classes": {"AccessUsersEndpoints": {"executed_lines": [], "summary": {"covered_lines": 0, "num_statements": 4, "percent_covered": 0.0, "percent_covered_display": "0", "missing_lines": 4, "excluded_lines": 0}, "missing_lines": [24, 25, 37, 45], "excluded_lines": []}, "": {"executed_lines": [], "summary": {"covered_lines": 0, "num_statements": 10, "percent_covered": 0.0, "percent_covered_display": "0", "missing_lines": 10, "excluded_lines": 0}, "missing_lines": [9, 10, 11, 12, 13, 14, 16, 22, 31, 39], "excluded_lines": []}}}, "prmxctrl/endpoints/cluster/__init__.py": {"executed_lines": [1, 9, 10, 11, 13, 14, 20], "summary": {"covered_lines": 5, "num_statements": 6, "percent_covered": 83.33333333333333, "percent_covered_display": "83", "missing_lines": 1, "excluded_lines": 0}, "missing_lines": [26], "excluded_lines": [], "functions": {"ClusterEndpoints.list": {"executed_lines": [], "summary": {"covered_lines": 0, "num_statements": 1, "percent_covered": 0.0, "percent_covered_display": "0", "missing_lines": 1, "excluded_lines": 0}, "missing_lines": [26], "excluded_lines": []}, "": {"executed_lines": [1, 9, 10, 11, 13, 14, 20], "summary": {"covered_lines": 5, "num_statements": 5, "percent_covered": 100.0, "percent_covered_display": "100", "missing_lines": 0, "excluded_lines": 0}, "missing_lines": [], "excluded_lines": []}}, "classes": {"ClusterEndpoints": {"executed_lines": [], "summary": {"covered_lines": 0, "num_statements": 1, "percent_covered": 0.0, "percent_covered_display": "0", "missing_lines": 1, "excluded_lines": 0}, "missing_lines": [26], "excluded_lines": []}, "": {"executed_lines": [1, 9, 10, 11, 13, 14, 20], "summary": {"covered_lines": 5, "num_statements": 5, "percent_covered": 100.0, "percent_covered_display": "100", "missing_lines": 0, "excluded_lines": 0}, "missing_lines": [], "excluded_lines": []}}}, "prmxctrl/endpoints/cluster/acme.py": {"executed_lines": [], "summary": {"covered_lines": 0, "num_statements": 31, "percent_covered": 0.0, "percent_covered_display": "0", "missing_lines": 31, "excluded_lines": 0}, "missing_lines": [9, 10, 11, 12, 13, 14, 15, 16, 18, 24, 25, 27, 28, 29, 30, 32, 33, 34, 35, 37, 38, 39, 40, 42, 43, 44, 45, 47, 48, 52, 58], "excluded_lines": [], "functions": {"ClusterAcmeEndpoints.plugins": {"executed_lines": [], "summary": {"covered_lines": 0, "num_statements": 2, "percent_covered": 0.0, "percent_covered_display": "0", "missing_lines": 2, "excluded_lines": 0}, "missing_lines": [27, 28], "excluded_lines": []}, "ClusterAcmeEndpoints.account": {"executed_lines": [], "summary": {"covered_lines": 0, "num_statements": 2, "percent_covered": 0.0, "percent_covered_display": "0", "missing_lines": 2, "excluded_lines": 0}, "missing_lines": [32, 33], "excluded_lines": []}, "ClusterAcmeEndpoints.tos": {"executed_lines": [], "summary": {"covered_lines": 0, "num_statements": 2, "percent_covered": 0.0, "percent_covered_display": "0", "missing_lines": 2, "excluded_lines": 0}, "missing_lines": [37, 38], "excluded_lines": []}, "ClusterAcmeEndpoints.directories": {"executed_lines": [], "summary": {"covered_lines": 0, "num_statements": 2, "percent_covered": 0.0, "percent_covered_display": "0", "missing_lines": 2, "excluded_lines": 0}, "missing_lines": [42, 43], "excluded_lines": []}, "ClusterAcmeEndpoints.challenge_schema": {"executed_lines": [], "summary": {"covered_lines": 0, "num_statements": 2, "percent_covered": 0.0, "percent_covered_display": "0", "missing_lines": 2, "excluded_lines": 0}, "missing_lines": [47, 48], "excluded_lines": []}, "ClusterAcmeEndpoints.list": {"executed_lines": [], "summary": {"covered_lines": 0, "num_statements": 1, "percent_covered": 0.0, "percent_covered_display": "0", "missing_lines": 1, "excluded_lines": 0}, "missing_lines": [58], "excluded_lines": []}, "": {"executed_lines": [], "summary": {"covered_lines": 0, "num_statements": 20, "percent_covered": 0.0, "percent_covered_display": "0", "missing_lines": 20, "excluded_lines": 0}, "missing_lines": [9, 10, 11, 12, 13, 14, 15, 16, 18, 24, 25, 29, 30, 34, 35, 39, 40, 44, 45, 52], "excluded_lines": []}}, "classes": {"ClusterAcmeEndpoints": {"executed_lines": [], "summary": {"covered_lines": 0, "num_statements": 11, "percent_covered": 0.0, "percent_covered_display": "0", "missing_lines": 11, "excluded_lines": 0}, "missing_lines": [27, 28, 32, 33, 37, 38, 42, 43, 47, 48, 58], "excluded_lines": []}, "": {"executed_lines": [], "summary": {"covered_lines": 0, "num_statements": 20, "percent_covered": 0.0, "percent_covered_display": "0", "missing_lines": 20, "excluded_lines": 0}, "missing_lines": [9, 10, 11, 12, 13, 14, 15, 16, 18, 24, 25, 29, 30, 34, 35, 39, 40, 44, 45, 52], "excluded_lines": []}}}, "prmxctrl/endpoints/cluster/backup.py": {"executed_lines": [], "summary": {"covered_lines": 0, "num_statements": 13, "percent_covered": 0.0, "percent_covered_display": "0", "missing_lines": 13, "excluded_lines": 0}, "missing_lines": [9, 10, 11, 12, 13, 15, 21, 23, 24, 30, 36, 38, 44], "excluded_lines": [], "functions": {"ClusterBackupEndpoints.__call__": {"executed_lines": [], "summary": {"covered_lines": 0, "num_statements": 2, "percent_covered": 0.0, "percent_covered_display": "0", "missing_lines": 2, "excluded_lines": 0}, "missing_lines": [23, 24], "excluded_lines": []}, "ClusterBackupEndpoints.list": {"executed_lines": [], "summary": {"covered_lines": 0, "num_statements": 1, "percent_covered": 0.0, "percent_covered_display": "0", "missing_lines": 1, "excluded_lines": 0}, "missing_lines": [36], "excluded_lines": []}, "ClusterBackupEndpoints.create_job": {"executed_lines": [], "summary": {"covered_lines": 0, "num_statements": 1, "percent_covered": 0.0, "percent_covered_display": "0", "missing_lines": 1, "excluded_lines": 0}, "missing_lines": [44], "excluded_lines": []}, "": {"executed_lines": [], "summary": {"covered_lines": 0, "num_statements": 9, "percent_covered": 0.0, "percent_covered_display": "0", "missing_lines": 9, "excluded_lines": 0}, "missing_lines": [9, 10, 11, 12, 13, 15, 21, 30, 38], "excluded_lines": []}}, "classes": {"ClusterBackupEndpoints": {"executed_lines": [], "summary": {"covered_lines": 0, "num_statements": 4, "percent_covered": 0.0, "percent_covered_display": "0", "missing_lines": 4, "excluded_lines": 0}, "missing_lines": [23, 24, 36, 44], "excluded_lines": []}, "": {"executed_lines": [], "summary": {"covered_lines": 0, "num_statements": 9, "percent_covered": 0.0, "percent_covered_display": "0", "missing_lines": 9, "excluded_lines": 0}, "missing_lines": [9, 10, 11, 12, 13, 15, 21, 30, 38], "excluded_lines": []}}}, "prmxctrl/endpoints/cluster/backup_info.py": {"executed_lines": [], "summary": {"covered_lines": 0, "num_statements": 11, "percent_covered": 0.0, "percent_covered_display": "0", "missing_lines": 11, "excluded_lines": 0}, "missing_lines": [9, 10, 11, 12, 14, 20, 21, 23, 24, 28, 34], "excluded_lines": [], "functions": {"ClusterBackup_InfoEndpoints.not_backed_up": {"executed_lines": [], "summary": {"covered_lines": 0, "num_statements": 2, "percent_covered": 0.0, "percent_covered_display": "0", "missing_lines": 2, "excluded_lines": 0}, "missing_lines": [23, 24], "excluded_lines": []}, "ClusterBackup_InfoEndpoints.list": {"executed_lines": [], "summary": {"covered_lines": 0, "num_statements": 1, "percent_covered": 0.0, "percent_covered_display": "0", "missing_lines": 1, "excluded_lines": 0}, "missing_lines": [34], "excluded_lines": []}, "": {"executed_lines": [], "summary": {"covered_lines": 0, "num_statements": 8, "percent_covered": 0.0, "percent_covered_display": "0", "missing_lines": 8, "excluded_lines": 0}, "missing_lines": [9, 10, 11, 12, 14, 20, 21, 28], "excluded_lines": []}}, "classes": {"ClusterBackup_InfoEndpoints": {"executed_lines": [], "summary": {"covered_lines": 0, "num_statements": 3, "percent_covered": 0.0, "percent_covered_display": "0", "missing_lines": 3, "excluded_lines": 0}, "missing_lines": [23, 24, 34], "excluded_lines": []}, "": {"executed_lines": [], "summary": {"covered_lines": 0, "num_statements": 8, "percent_covered": 0.0, "percent_covered_display": "0", "missing_lines": 8, "excluded_lines": 0}, "missing_lines": [9, 10, 11, 12, 14, 20, 21, 28], "excluded_lines": []}}}, "prmxctrl/endpoints/cluster/ceph.py": {"executed_lines": [], "summary": {"covered_lines": 0, "num_statements": 21, "percent_covered": 0.0, "percent_covered_display": "0", "missing_lines": 21, "excluded_lines": 0}, "missing_lines": [9, 10, 11, 12, 13, 14, 16, 22, 23, 25, 26, 27, 28, 30, 31, 32, 33, 35, 36, 40, 46], "excluded_lines": [], "functions": {"ClusterCephEndpoints.metadata": {"executed_lines": [], "summary": {"covered_lines": 0, "num_statements": 2, "percent_covered": 0.0, "percent_covered_display": "0", "missing_lines": 2, "excluded_lines": 0}, "missing_lines": [25, 26], "excluded_lines": []}, "ClusterCephEndpoints.status": {"executed_lines": [], "summary": {"covered_lines": 0, "num_statements": 2, "percent_covered": 0.0, "percent_covered_display": "0", "missing_lines": 2, "excluded_lines": 0}, "missing_lines": [30, 31], "excluded_lines": []}, "ClusterCephEndpoints.flags": {"executed_lines": [], "summary": {"covered_lines": 0, "num_statements": 2, "percent_covered": 0.0, "percent_covered_display": "0", "missing_lines": 2, "excluded_lines": 0}, "missing_lines": [35, 36], "excluded_lines": []}, "ClusterCephEndpoints.list": {"executed_lines": [], "summary": {"covered_lines": 0, "num_statements": 1, "percent_covered": 0.0, "percent_covered_display": "0", "missing_lines": 1, "excluded_lines": 0}, "missing_lines": [46], "excluded_lines": []}, "": {"executed_lines": [], "summary": {"covered_lines": 0, "num_statements": 14, "percent_covered": 0.0, "percent_covered_display": "0", "missing_lines": 14, "excluded_lines": 0}, "missing_lines": [9, 10, 11, 12, 13, 14, 16, 22, 23, 27, 28, 32, 33, 40], "excluded_lines": []}}, "classes": {"ClusterCephEndpoints": {"executed_lines": [], "summary": {"covered_lines": 0, "num_statements": 7, "percent_covered": 0.0, "percent_covered_display": "0", "missing_lines": 7, "excluded_lines": 0}, "missing_lines": [25, 26, 30, 31, 35, 36, 46], "excluded_lines": []}, "": {"executed_lines": [], "summary": {"covered_lines": 0, "num_statements": 14, "percent_covered": 0.0, "percent_covered_display": "0", "missing_lines": 14, "excluded_lines": 0}, "missing_lines": [9, 10, 11, 12, 13, 14, 16, 22, 23, 27, 28, 32, 33, 40], "excluded_lines": []}}}, "prmxctrl/endpoints/cluster/config.py": {"executed_lines": [], "summary": {"covered_lines": 0, "num_statements": 35, "percent_covered": 0.0, "percent_covered_display": "0", "missing_lines": 35, "excluded_lines": 0}, "missing_lines": [9, 10, 11, 12, 13, 14, 15, 16, 17, 18, 20, 26, 27, 29, 30, 31, 32, 34, 35, 36, 37, 39, 40, 41, 42, 44, 45, 46, 47, 49, 50, 54, 60, 62, 68], "excluded_lines": [], "functions": {"ClusterConfigEndpoints.apiversion": {"executed_lines": [], "summary": {"covered_lines": 0, "num_statements": 2, "percent_covered": 0.0, "percent_covered_display": "0", "missing_lines": 2, "excluded_lines": 0}, "missing_lines": [29, 30], "excluded_lines": []}, "ClusterConfigEndpoints.nodes": {"executed_lines": [], "summary": {"covered_lines": 0, "num_statements": 2, "percent_covered": 0.0, "percent_covered_display": "0", "missing_lines": 2, "excluded_lines": 0}, "missing_lines": [34, 35], "excluded_lines": []}, "ClusterConfigEndpoints.join": {"executed_lines": [], "summary": {"covered_lines": 0, "num_statements": 2, "percent_covered": 0.0, "percent_covered_display": "0", "missing_lines": 2, "excluded_lines": 0}, "missing_lines": [39, 40], "excluded_lines": []}, "ClusterConfigEndpoints.totem": {"executed_lines": [], "summary": {"covered_lines": 0, "num_statements": 2, "percent_covered": 0.0, "percent_covered_display": "0", "missing_lines": 2, "excluded_lines": 0}, "missing_lines": [44, 45], "excluded_lines": []}, "ClusterConfigEndpoints.qdevice": {"executed_lines": [], "summary": {"covered_lines": 0, "num_statements": 2, "percent_covered": 0.0, "percent_covered_display": "0", "missing_lines": 2, "excluded_lines": 0}, "missing_lines": [49, 50], "excluded_lines": []}, "ClusterConfigEndpoints.list": {"executed_lines": [], "summary": {"covered_lines": 0, "num_statements": 1, "percent_covered": 0.0, "percent_covered_display": "0", "missing_lines": 1, "excluded_lines": 0}, "missing_lines": [60], "excluded_lines": []}, "ClusterConfigEndpoints.create": {"executed_lines": [], "summary": {"covered_lines": 0, "num_statements": 1, "percent_covered": 0.0, "percent_covered_display": "0", "missing_lines": 1, "excluded_lines": 0}, "missing_lines": [68], "excluded_lines": []}, "": {"executed_lines": [], "summary": {"covered_lines": 0, "num_statements": 23, "percent_covered": 0.0, "percent_covered_display": "0", "missing_lines": 23, "excluded_lines": 0}, "missing_lines": [9, 10, 11, 12, 13, 14, 15, 16, 17, 18, 20, 26, 27, 31, 32, 36, 37, 41, 42, 46, 47, 54, 62], "excluded_lines": []}}, "classes": {"ClusterConfigEndpoints": {"executed_lines": [], "summary": {"covered_lines": 0, "num_statements": 12, "percent_covered": 0.0, "percent_covered_display": "0", "missing_lines": 12, "excluded_lines": 0}, "missing_lines": [29, 30, 34, 35, 39, 40, 44, 45, 49, 50, 60, 68], "excluded_lines": []}, "": {"executed_lines": [], "summary": {"covered_lines": 0, "num_statements": 23, "percent_covered": 0.0, "percent_covered_display": "0", "missing_lines": 23, "excluded_lines": 0}, "missing_lines": [9, 10, 11, 12, 13, 14, 15, 16, 17, 18, 20, 26, 27, 31, 32, 36, 37, 41, 42, 46, 47, 54, 62], "excluded_lines": []}}}, "prmxctrl/endpoints/cluster/firewall.py": {"executed_lines": [], "summary": {"covered_lines": 0, "num_statements": 41, "percent_covered": 0.0, "percent_covered_display": "0", "missing_lines": 41, "excluded_lines": 0}, "missing_lines": [9, 10, 11, 12, 13, 14, 15, 16, 17, 18, 20, 26, 27, 29, 30, 31, 32, 34, 35, 36, 37, 39, 40, 41, 42, 44, 45, 46, 47, 49, 50, 51, 52, 54, 55, 56, 57, 59, 60, 64, 70], "excluded_lines": [], "functions": {"ClusterFirewallEndpoints.groups": {"executed_lines": [], "summary": {"covered_lines": 0, "num_statements": 2, "percent_covered": 0.0, "percent_covered_display": "0", "missing_lines": 2, "excluded_lines": 0}, "missing_lines": [29, 30], "excluded_lines": []}, "ClusterFirewallEndpoints.rules": {"executed_lines": [], "summary": {"covered_lines": 0, "num_statements": 2, "percent_covered": 0.0, "percent_covered_display": "0", "missing_lines": 2, "excluded_lines": 0}, "missing_lines": [34, 35], "excluded_lines": []}, "ClusterFirewallEndpoints.ipset": {"executed_lines": [], "summary": {"covered_lines": 0, "num_statements": 2, "percent_covered": 0.0, "percent_covered_display": "0", "missing_lines": 2, "excluded_lines": 0}, "missing_lines": [39, 40], "excluded_lines": []}, "ClusterFirewallEndpoints.aliases": {"executed_lines": [], "summary": {"covered_lines": 0, "num_statements": 2, "percent_covered": 0.0, "percent_covered_display": "0", "missing_lines": 2, "excluded_lines": 0}, "missing_lines": [44, 45], "excluded_lines": []}, "ClusterFirewallEndpoints.options": {"executed_lines": [], "summary": {"covered_lines": 0, "num_statements": 2, "percent_covered": 0.0, "percent_covered_display": "0", "missing_lines": 2, "excluded_lines": 0}, "missing_lines": [49, 50], "excluded_lines": []}, "ClusterFirewallEndpoints.macros": {"executed_lines": [], "summary": {"covered_lines": 0, "num_statements": 2, "percent_covered": 0.0, "percent_covered_display": "0", "missing_lines": 2, "excluded_lines": 0}, "missing_lines": [54, 55], "excluded_lines": []}, "ClusterFirewallEndpoints.refs": {"executed_lines": [], "summary": {"covered_lines": 0, "num_statements": 2, "percent_covered": 0.0, "percent_covered_display": "0", "missing_lines": 2, "excluded_lines": 0}, "missing_lines": [59, 60], "excluded_lines": []}, "ClusterFirewallEndpoints.list": {"executed_lines": [], "summary": {"covered_lines": 0, "num_statements": 1, "percent_covered": 0.0, "percent_covered_display": "0", "missing_lines": 1, "excluded_lines": 0}, "missing_lines": [70], "excluded_lines": []}, "": {"executed_lines": [], "summary": {"covered_lines": 0, "num_statements": 26, "percent_covered": 0.0, "percent_covered_display": "0", "missing_lines": 26, "excluded_lines": 0}, "missing_lines": [9, 10, 11, 12, 13, 14, 15, 16, 17, 18, 20, 26, 27, 31, 32, 36, 37, 41, 42, 46, 47, 51, 52, 56, 57, 64], "excluded_lines": []}}, "classes": {"ClusterFirewallEndpoints": {"executed_lines": [], "summary": {"covered_lines": 0, "num_statements": 15, "percent_covered": 0.0, "percent_covered_display": "0", "missing_lines": 15, "excluded_lines": 0}, "missing_lines": [29, 30, 34, 35, 39, 40, 44, 45, 49, 50, 54, 55, 59, 60, 70], "excluded_lines": []}, "": {"executed_lines": [], "summary": {"covered_lines": 0, "num_statements": 26, "percent_covered": 0.0, "percent_covered_display": "0", "missing_lines": 26, "excluded_lines": 0}, "missing_lines": [9, 10, 11, 12, 13, 14, 15, 16, 17, 18, 20, 26, 27, 31, 32, 36, 37, 41, 42, 46, 47, 51, 52, 56, 57, 64], "excluded_lines": []}}}, "prmxctrl/endpoints/cluster/ha.py": {"executed_lines": [], "summary": {"covered_lines": 0, "num_statements": 21, "percent_covered": 0.0, "percent_covered_display": "0", "missing_lines": 21, "excluded_lines": 0}, "missing_lines": [9, 10, 11, 12, 13, 14, 16, 22, 23, 25, 26, 27, 28, 30, 31, 32, 33, 35, 36, 40, 46], "excluded_lines": [], "functions": {"ClusterHaEndpoints.resources": {"executed_lines": [], "summary": {"covered_lines": 0, "num_statements": 2, "percent_covered": 0.0, "percent_covered_display": "0", "missing_lines": 2, "excluded_lines": 0}, "missing_lines": [25, 26], "excluded_lines": []}, "ClusterHaEndpoints.groups": {"executed_lines": [], "summary": {"covered_lines": 0, "num_statements": 2, "percent_covered": 0.0, "percent_covered_display": "0", "missing_lines": 2, "excluded_lines": 0}, "missing_lines": [30, 31], "excluded_lines": []}, "ClusterHaEndpoints.status": {"executed_lines": [], "summary": {"covered_lines": 0, "num_statements": 2, "percent_covered": 0.0, "percent_covered_display": "0", "missing_lines": 2, "excluded_lines": 0}, "missing_lines": [35, 36], "excluded_lines": []}, "ClusterHaEndpoints.list": {"executed_lines": [], "summary": {"covered_lines": 0, "num_statements": 1, "percent_covered": 0.0, "percent_covered_display": "0", "missing_lines": 1, "excluded_lines": 0}, "missing_lines": [46], "excluded_lines": []}, "": {"executed_lines": [], "summary": {"covered_lines": 0, "num_statements": 14, "percent_covered": 0.0, "percent_covered_display": "0", "missing_lines": 14, "excluded_lines": 0}, "missing_lines": [9, 10, 11, 12, 13, 14, 16, 22, 23, 27, 28, 32, 33, 40], "excluded_lines": []}}, "classes": {"ClusterHaEndpoints": {"executed_lines": [], "summary": {"covered_lines": 0, "num_statements": 7, "percent_covered": 0.0, "percent_covered_display": "0", "missing_lines": 7, "excluded_lines": 0}, "missing_lines": [25, 26, 30, 31, 35, 36, 46], "excluded_lines": []}, "": {"executed_lines": [], "summary": {"covered_lines": 0, "num_statements": 14, "percent_covered": 0.0, "percent_covered_display": "0", "missing_lines": 14, "excluded_lines": 0}, "missing_lines": [9, 10, 11, 12, 13, 14, 16, 22, 23, 27, 28, 32, 33, 40], "excluded_lines": []}}}, "prmxctrl/endpoints/cluster/jobs.py": {"executed_lines": [], "summary": {"covered_lines": 0, "num_statements": 11, "percent_covered": 0.0, "percent_covered_display": "0", "missing_lines": 11, "excluded_lines": 0}, "missing_lines": [9, 10, 11, 12, 14, 20, 21, 23, 24, 28, 34], "excluded_lines": [], "functions": {"ClusterJobsEndpoints.schedule_analyze": {"executed_lines": [], "summary": {"covered_lines": 0, "num_statements": 2, "percent_covered": 0.0, "percent_covered_display": "0", "missing_lines": 2, "excluded_lines": 0}, "missing_lines": [23, 24], "excluded_lines": []}, "ClusterJobsEndpoints.list": {"executed_lines": [], "summary": {"covered_lines": 0, "num_statements": 1, "percent_covered": 0.0, "percent_covered_display": "0", "missing_lines": 1, "excluded_lines": 0}, "missing_lines": [34], "excluded_lines": []}, "": {"executed_lines": [], "summary": {"covered_lines": 0, "num_statements": 8, "percent_covered": 0.0, "percent_covered_display": "0", "missing_lines": 8, "excluded_lines": 0}, "missing_lines": [9, 10, 11, 12, 14, 20, 21, 28], "excluded_lines": []}}, "classes": {"ClusterJobsEndpoints": {"executed_lines": [], "summary": {"covered_lines": 0, "num_statements": 3, "percent_covered": 0.0, "percent_covered_display": "0", "missing_lines": 3, "excluded_lines": 0}, "missing_lines": [23, 24, 34], "excluded_lines": []}, "": {"executed_lines": [], "summary": {"covered_lines": 0, "num_statements": 8, "percent_covered": 0.0, "percent_covered_display": "0", "missing_lines": 8, "excluded_lines": 0}, "missing_lines": [9, 10, 11, 12, 14, 20, 21, 28], "excluded_lines": []}}}, "prmxctrl/endpoints/cluster/log.py": {"executed_lines": [], "summary": {"covered_lines": 0, "num_statements": 7, "percent_covered": 0.0, "percent_covered_display": "0", "missing_lines": 7, "excluded_lines": 0}, "missing_lines": [9, 10, 11, 12, 14, 21, 27], "excluded_lines": [], "functions": {"ClusterLogEndpoints.list": {"executed_lines": [], "summary": {"covered_lines": 0, "num_statements": 1, "percent_covered": 0.0, "percent_covered_display": "0", "missing_lines": 1, "excluded_lines": 0}, "missing_lines": [27], "excluded_lines": []}, "": {"executed_lines": [], "summary": {"covered_lines": 0, "num_statements": 6, "percent_covered": 0.0, "percent_covered_display": "0", "missing_lines": 6, "excluded_lines": 0}, "missing_lines": [9, 10, 11, 12, 14, 21], "excluded_lines": []}}, "classes": {"ClusterLogEndpoints": {"executed_lines": [], "summary": {"covered_lines": 0, "num_statements": 1, "percent_covered": 0.0, "percent_covered_display": "0", "missing_lines": 1, "excluded_lines": 0}, "missing_lines": [27], "excluded_lines": []}, "": {"executed_lines": [], "summary": {"covered_lines": 0, "num_statements": 6, "percent_covered": 0.0, "percent_covered_display": "0", "missing_lines": 6, "excluded_lines": 0}, "missing_lines": [9, 10, 11, 12, 14, 21], "excluded_lines": []}}}, "prmxctrl/endpoints/cluster/metrics.py": {"executed_lines": [], "summary": {"covered_lines": 0, "num_statements": 11, "percent_covered": 0.0, "percent_covered_display": "0", "missing_lines": 11, "excluded_lines": 0}, "missing_lines": [9, 10, 11, 12, 14, 20, 21, 23, 24, 28, 34], "excluded_lines": [], "functions": {"ClusterMetricsEndpoints.server": {"executed_lines": [], "summary": {"covered_lines": 0, "num_statements": 2, "percent_covered": 0.0, "percent_covered_display": "0", "missing_lines": 2, "excluded_lines": 0}, "missing_lines": [23, 24], "excluded_lines": []}, "ClusterMetricsEndpoints.list": {"executed_lines": [], "summary": {"covered_lines": 0, "num_statements": 1, "percent_covered": 0.0, "percent_covered_display": "0", "missing_lines": 1, "excluded_lines": 0}, "missing_lines": [34], "excluded_lines": []}, "": {"executed_lines": [], "summary": {"covered_lines": 0, "num_statements": 8, "percent_covered": 0.0, "percent_covered_display": "0", "missing_lines": 8, "excluded_lines": 0}, "missing_lines": [9, 10, 11, 12, 14, 20, 21, 28], "excluded_lines": []}}, "classes": {"ClusterMetricsEndpoints": {"executed_lines": [], "summary": {"covered_lines": 0, "num_statements": 3, "percent_covered": 0.0, "percent_covered_display": "0", "missing_lines": 3, "excluded_lines": 0}, "missing_lines": [23, 24, 34], "excluded_lines": []}, "": {"executed_lines": [], "summary": {"covered_lines": 0, "num_statements": 8, "percent_covered": 0.0, "percent_covered_display": "0", "missing_lines": 8, "excluded_lines": 0}, "missing_lines": [9, 10, 11, 12, 14, 20, 21, 28], "excluded_lines": []}}}, "prmxctrl/endpoints/cluster/nextid.py": {"executed_lines": [], "summary": {"covered_lines": 0, "num_statements": 7, "percent_covered": 0.0, "percent_covered_display": "0", "missing_lines": 7, "excluded_lines": 0}, "missing_lines": [9, 10, 11, 12, 14, 21, 27], "excluded_lines": [], "functions": {"ClusterNextidEndpoints.get": {"executed_lines": [], "summary": {"covered_lines": 0, "num_statements": 1, "percent_covered": 0.0, "percent_covered_display": "0", "missing_lines": 1, "excluded_lines": 0}, "missing_lines": [27], "excluded_lines": []}, "": {"executed_lines": [], "summary": {"covered_lines": 0, "num_statements": 6, "percent_covered": 0.0, "percent_covered_display": "0", "missing_lines": 6, "excluded_lines": 0}, "missing_lines": [9, 10, 11, 12, 14, 21], "excluded_lines": []}}, "classes": {"ClusterNextidEndpoints": {"executed_lines": [], "summary": {"covered_lines": 0, "num_statements": 1, "percent_covered": 0.0, "percent_covered_display": "0", "missing_lines": 1, "excluded_lines": 0}, "missing_lines": [27], "excluded_lines": []}, "": {"executed_lines": [], "summary": {"covered_lines": 0, "num_statements": 6, "percent_covered": 0.0, "percent_covered_display": "0", "missing_lines": 6, "excluded_lines": 0}, "missing_lines": [9, 10, 11, 12, 14, 21], "excluded_lines": []}}}, "prmxctrl/endpoints/cluster/options.py": {"executed_lines": [], "summary": {"covered_lines": 0, "num_statements": 9, "percent_covered": 0.0, "percent_covered_display": "0", "missing_lines": 9, "excluded_lines": 0}, "missing_lines": [9, 10, 11, 12, 14, 21, 27, 29, 35], "excluded_lines": [], "functions": {"ClusterOptionsEndpoints.get": {"executed_lines": [], "summary": {"covered_lines": 0, "num_statements": 1, "percent_covered": 0.0, "percent_covered_display": "0", "missing_lines": 1, "excluded_lines": 0}, "missing_lines": [27], "excluded_lines": []}, "ClusterOptionsEndpoints.set_options": {"executed_lines": [], "summary": {"covered_lines": 0, "num_statements": 1, "percent_covered": 0.0, "percent_covered_display": "0", "missing_lines": 1, "excluded_lines": 0}, "missing_lines": [35], "excluded_lines": []}, "": {"executed_lines": [], "summary": {"covered_lines": 0, "num_statements": 7, "percent_covered": 0.0, "percent_covered_display": "0", "missing_lines": 7, "excluded_lines": 0}, "missing_lines": [9, 10, 11, 12, 14, 21, 29], "excluded_lines": []}}, "classes": {"ClusterOptionsEndpoints": {"executed_lines": [], "summary": {"covered_lines": 0, "num_statements": 2, "percent_covered": 0.0, "percent_covered_display": "0", "missing_lines": 2, "excluded_lines": 0}, "missing_lines": [27, 35], "excluded_lines": []}, "": {"executed_lines": [], "summary": {"covered_lines": 0, "num_statements": 7, "percent_covered": 0.0, "percent_covered_display": "0", "missing_lines": 7, "excluded_lines": 0}, "missing_lines": [9, 10, 11, 12, 14, 21, 29], "excluded_lines": []}}}, "prmxctrl/endpoints/cluster/replication.py": {"executed_lines": [], "summary": {"covered_lines": 0, "num_statements": 13, "percent_covered": 0.0, "percent_covered_display": "0", "missing_lines": 13, "excluded_lines": 0}, "missing_lines": [9, 10, 11, 12, 13, 15, 21, 23, 24, 30, 36, 38, 44], "excluded_lines": [], "functions": {"ClusterReplicationEndpoints.__call__": {"executed_lines": [], "summary": {"covered_lines": 0, "num_statements": 2, "percent_covered": 0.0, "percent_covered_display": "0", "missing_lines": 2, "excluded_lines": 0}, "missing_lines": [23, 24], "excluded_lines": []}, "ClusterReplicationEndpoints.list": {"executed_lines": [], "summary": {"covered_lines": 0, "num_statements": 1, "percent_covered": 0.0, "percent_covered_display": "0", "missing_lines": 1, "excluded_lines": 0}, "missing_lines": [36], "excluded_lines": []}, "ClusterReplicationEndpoints.create": {"executed_lines": [], "summary": {"covered_lines": 0, "num_statements": 1, "percent_covered": 0.0, "percent_covered_display": "0", "missing_lines": 1, "excluded_lines": 0}, "missing_lines": [44], "excluded_lines": []}, "": {"executed_lines": [], "summary": {"covered_lines": 0, "num_statements": 9, "percent_covered": 0.0, "percent_covered_display": "0", "missing_lines": 9, "excluded_lines": 0}, "missing_lines": [9, 10, 11, 12, 13, 15, 21, 30, 38], "excluded_lines": []}}, "classes": {"ClusterReplicationEndpoints": {"executed_lines": [], "summary": {"covered_lines": 0, "num_statements": 4, "percent_covered": 0.0, "percent_covered_display": "0", "missing_lines": 4, "excluded_lines": 0}, "missing_lines": [23, 24, 36, 44], "excluded_lines": []}, "": {"executed_lines": [], "summary": {"covered_lines": 0, "num_statements": 9, "percent_covered": 0.0, "percent_covered_display": "0", "missing_lines": 9, "excluded_lines": 0}, "missing_lines": [9, 10, 11, 12, 13, 15, 21, 30, 38], "excluded_lines": []}}}, "prmxctrl/endpoints/cluster/resources.py": {"executed_lines": [], "summary": {"covered_lines": 0, "num_statements": 7, "percent_covered": 0.0, "percent_covered_display": "0", "missing_lines": 7, "excluded_lines": 0}, "missing_lines": [9, 10, 11, 12, 14, 21, 27], "excluded_lines": [], "functions": {"ClusterResourcesEndpoints.list": {"executed_lines": [], "summary": {"covered_lines": 0, "num_statements": 1, "percent_covered": 0.0, "percent_covered_display": "0", "missing_lines": 1, "excluded_lines": 0}, "missing_lines": [27], "excluded_lines": []}, "": {"executed_lines": [], "summary": {"covered_lines": 0, "num_statements": 6, "percent_covered": 0.0, "percent_covered_display": "0", "missing_lines": 6, "excluded_lines": 0}, "missing_lines": [9, 10, 11, 12, 14, 21], "excluded_lines": []}}, "classes": {"ClusterResourcesEndpoints": {"executed_lines": [], "summary": {"covered_lines": 0, "num_statements": 1, "percent_covered": 0.0, "percent_covered_display": "0", "missing_lines": 1, "excluded_lines": 0}, "missing_lines": [27], "excluded_lines": []}, "": {"executed_lines": [], "summary": {"covered_lines": 0, "num_statements": 6, "percent_covered": 0.0, "percent_covered_display": "0", "missing_lines": 6, "excluded_lines": 0}, "missing_lines": [9, 10, 11, 12, 14, 21], "excluded_lines": []}}}, "prmxctrl/endpoints/cluster/sdn.py": {"executed_lines": [], "summary": {"covered_lines": 0, "num_statements": 34, "percent_covered": 0.0, "percent_covered_display": "0", "missing_lines": 34, "excluded_lines": 0}, "missing_lines": [9, 10, 11, 12, 13, 14, 15, 16, 17, 19, 25, 26, 28, 29, 30, 31, 33, 34, 35, 36, 38, 39, 40, 41, 43, 44, 45, 46, 48, 49, 53, 59, 61, 67], "excluded_lines": [], "functions": {"ClusterSdnEndpoints.vnets": {"executed_lines": [], "summary": {"covered_lines": 0, "num_statements": 2, "percent_covered": 0.0, "percent_covered_display": "0", "missing_lines": 2, "excluded_lines": 0}, "missing_lines": [28, 29], "excluded_lines": []}, "ClusterSdnEndpoints.zones": {"executed_lines": [], "summary": {"covered_lines": 0, "num_statements": 2, "percent_covered": 0.0, "percent_covered_display": "0", "missing_lines": 2, "excluded_lines": 0}, "missing_lines": [33, 34], "excluded_lines": []}, "ClusterSdnEndpoints.controllers": {"executed_lines": [], "summary": {"covered_lines": 0, "num_statements": 2, "percent_covered": 0.0, "percent_covered_display": "0", "missing_lines": 2, "excluded_lines": 0}, "missing_lines": [38, 39], "excluded_lines": []}, "ClusterSdnEndpoints.ipams": {"executed_lines": [], "summary": {"covered_lines": 0, "num_statements": 2, "percent_covered": 0.0, "percent_covered_display": "0", "missing_lines": 2, "excluded_lines": 0}, "missing_lines": [43, 44], "excluded_lines": []}, "ClusterSdnEndpoints.dns": {"executed_lines": [], "summary": {"covered_lines": 0, "num_statements": 2, "percent_covered": 0.0, "percent_covered_display": "0", "missing_lines": 2, "excluded_lines": 0}, "missing_lines": [48, 49], "excluded_lines": []}, "ClusterSdnEndpoints.list": {"executed_lines": [], "summary": {"covered_lines": 0, "num_statements": 1, "percent_covered": 0.0, "percent_covered_display": "0", "missing_lines": 1, "excluded_lines": 0}, "missing_lines": [59], "excluded_lines": []}, "ClusterSdnEndpoints.reload": {"executed_lines": [], "summary": {"covered_lines": 0, "num_statements": 1, "percent_covered": 0.0, "percent_covered_display": "0", "missing_lines": 1, "excluded_lines": 0}, "missing_lines": [67], "excluded_lines": []}, "": {"executed_lines": [], "summary": {"covered_lines": 0, "num_statements": 22, "percent_covered": 0.0, "percent_covered_display": "0", "missing_lines": 22, "excluded_lines": 0}, "missing_lines": [9, 10, 11, 12, 13, 14, 15, 16, 17, 19, 25, 26, 30, 31, 35, 36, 40, 41, 45, 46, 53, 61], "excluded_lines": []}}, "classes": {"ClusterSdnEndpoints": {"executed_lines": [], "summary": {"covered_lines": 0, "num_statements": 12, "percent_covered": 0.0, "percent_covered_display": "0", "missing_lines": 12, "excluded_lines": 0}, "missing_lines": [28, 29, 33, 34, 38, 39, 43, 44, 48, 49, 59, 67], "excluded_lines": []}, "": {"executed_lines": [], "summary": {"covered_lines": 0, "num_statements": 22, "percent_covered": 0.0, "percent_covered_display": "0", "missing_lines": 22, "excluded_lines": 0}, "missing_lines": [9, 10, 11, 12, 13, 14, 15, 16, 17, 19, 25, 26, 30, 31, 35, 36, 40, 41, 45, 46, 53, 61], "excluded_lines": []}}}, "prmxctrl/endpoints/cluster/status.py": {"executed_lines": [], "summary": {"covered_lines": 0, "num_statements": 6, "percent_covered": 0.0, "percent_covered_display": "0", "missing_lines": 6, "excluded_lines": 0}, "missing_lines": [9, 10, 11, 13, 20, 26], "excluded_lines": [], "functions": {"ClusterStatusEndpoints.list": {"executed_lines": [], "summary": {"covered_lines": 0, "num_statements": 1, "percent_covered": 0.0, "percent_covered_display": "0", "missing_lines": 1, "excluded_lines": 0}, "missing_lines": [26], "excluded_lines": []}, "": {"executed_lines": [], "summary": {"covered_lines": 0, "num_statements": 5, "percent_covered": 0.0, "percent_covered_display": "0", "missing_lines": 5, "excluded_lines": 0}, "missing_lines": [9, 10, 11, 13, 20], "excluded_lines": []}}, "classes": {"ClusterStatusEndpoints": {"executed_lines": [], "summary": {"covered_lines": 0, "num_statements": 1, "percent_covered": 0.0, "percent_covered_display": "0", "missing_lines": 1, "excluded_lines": 0}, "missing_lines": [26], "excluded_lines": []}, "": {"executed_lines": [], "summary": {"covered_lines": 0, "num_statements": 5, "percent_covered": 0.0, "percent_covered_display": "0", "missing_lines": 5, "excluded_lines": 0}, "missing_lines": [9, 10, 11, 13, 20], "excluded_lines": []}}}, "prmxctrl/endpoints/cluster/tasks.py": {"executed_lines": [], "summary": {"covered_lines": 0, "num_statements": 6, "percent_covered": 0.0, "percent_covered_display": "0", "missing_lines": 6, "excluded_lines": 0}, "missing_lines": [9, 10, 11, 13, 20, 26], "excluded_lines": [], "functions": {"ClusterTasksEndpoints.list": {"executed_lines": [], "summary": {"covered_lines": 0, "num_statements": 1, "percent_covered": 0.0, "percent_covered_display": "0", "missing_lines": 1, "excluded_lines": 0}, "missing_lines": [26], "excluded_lines": []}, "": {"executed_lines": [], "summary": {"covered_lines": 0, "num_statements": 5, "percent_covered": 0.0, "percent_covered_display": "0", "missing_lines": 5, "excluded_lines": 0}, "missing_lines": [9, 10, 11, 13, 20], "excluded_lines": []}}, "classes": {"ClusterTasksEndpoints": {"executed_lines": [], "summary": {"covered_lines": 0, "num_statements": 1, "percent_covered": 0.0, "percent_covered_display": "0", "missing_lines": 1, "excluded_lines": 0}, "missing_lines": [26], "excluded_lines": []}, "": {"executed_lines": [], "summary": {"covered_lines": 0, "num_statements": 5, "percent_covered": 0.0, "percent_covered_display": "0", "missing_lines": 5, "excluded_lines": 0}, "missing_lines": [9, 10, 11, 13, 20], "excluded_lines": []}}}, "prmxctrl/endpoints/nodes/__init__.py": {"executed_lines": [1, 9, 10, 11, 12, 14, 15, 20, 29], "summary": {"covered_lines": 7, "num_statements": 10, "percent_covered": 70.0, "percent_covered_display": "70", "missing_lines": 3, "excluded_lines": 0}, "missing_lines": [22, 23, 35], "excluded_lines": [], "functions": {"NodesEndpoints.__call__": {"executed_lines": [], "summary": {"covered_lines": 0, "num_statements": 2, "percent_covered": 0.0, "percent_covered_display": "0", "missing_lines": 2, "excluded_lines": 0}, "missing_lines": [22, 23], "excluded_lines": []}, "NodesEndpoints.list": {"executed_lines": [], "summary": {"covered_lines": 0, "num_statements": 1, "percent_covered": 0.0, "percent_covered_display": "0", "missing_lines": 1, "excluded_lines": 0}, "missing_lines": [35], "excluded_lines": []}, "": {"executed_lines": [1, 9, 10, 11, 12, 14, 15, 20, 29], "summary": {"covered_lines": 7, "num_statements": 7, "percent_covered": 100.0, "percent_covered_display": "100", "missing_lines": 0, "excluded_lines": 0}, "missing_lines": [], "excluded_lines": []}}, "classes": {"NodesEndpoints": {"executed_lines": [], "summary": {"covered_lines": 0, "num_statements": 3, "percent_covered": 0.0, "percent_covered_display": "0", "missing_lines": 3, "excluded_lines": 0}, "missing_lines": [22, 23, 35], "excluded_lines": []}, "": {"executed_lines": [1, 9, 10, 11, 12, 14, 15, 20, 29], "summary": {"covered_lines": 7, "num_statements": 7, "percent_covered": 100.0, "percent_covered_display": "100", "missing_lines": 0, "excluded_lines": 0}, "missing_lines": [], "excluded_lines": []}}}, "prmxctrl/endpoints/nodes/node_item/_item.py": {"executed_lines": [1, 9, 10, 11, 12, 13, 14, 15, 16, 17, 18, 19, 20, 21, 22, 23, 24, 25, 26, 27, 28, 29, 30, 31, 32, 33, 34, 35, 36, 37, 38, 39, 40, 41, 42, 43, 44, 45, 46, 47, 48, 49, 50, 51, 52, 53, 55, 56, 61, 62, 66, 67, 71, 72, 76, 77, 81, 82, 86, 87, 91, 92, 96, 97, 101, 102, 106, 107, 111, 112, 116, 117, 121, 122, 126, 127, 131, 132, 136, 137, 141, 142, 146, 147, 151, 152, 156, 157, 161, 162, 166, 167, 171, 172, 176, 177, 181, 182, 186, 187, 191, 192, 196, 197, 201, 202, 206, 207, 211, 212, 216, 217, 221, 222, 226, 227, 231, 232, 236, 237, 241, 242, 246, 247, 251, 252, 256, 257, 261, 262, 269], "summary": {"covered_lines": 129, "num_statements": 212, "percent_covered": 60.84905660377358, "percent_covered_display": "61", "missing_lines": 83, "excluded_lines": 0}, "missing_lines": [64, 65, 69, 70, 74, 75, 79, 80, 84, 85, 89, 90, 94, 95, 99, 100, 104, 105, 109, 110, 114, 115, 119, 120, 124, 125, 129, 130, 134, 135, 139, 140, 144, 145, 149, 150, 154, 155, 159, 160, 164, 165, 169, 170, 174, 175, 179, 180, 184, 185, 189, 190, 194, 195, 199, 200, 204, 205, 209, 210, 214, 215, 219, 220, 224, 225, 229, 230, 234, 235, 239, 240, 244, 245, 249, 250, 254, 255, 259, 260, 264, 265, 275], "excluded_lines": [], "functions": {"NodesEndpoints1.qemu": {"executed_lines": [], "summary": {"covered_lines": 0, "num_statements": 2, "percent_covered": 0.0, "percent_covered_display": "0", "missing_lines": 2, "excluded_lines": 0}, "missing_lines": [64, 65], "excluded_lines": []}, "NodesEndpoints1.lxc": {"executed_lines": [], "summary": {"covered_lines": 0, "num_statements": 2, "percent_covered": 0.0, "percent_covered_display": "0", "missing_lines": 2, "excluded_lines": 0}, "missing_lines": [69, 70], "excluded_lines": []}, "NodesEndpoints1.ceph": {"executed_lines": [], "summary": {"covered_lines": 0, "num_statements": 2, "percent_covered": 0.0, "percent_covered_display": "0", "missing_lines": 2, "excluded_lines": 0}, "missing_lines": [74, 75], "excluded_lines": []}, "NodesEndpoints1.vzdump": {"executed_lines": [], "summary": {"covered_lines": 0, "num_statem
[...]
216, 6219, 6223, 6225, 6226, 6229, 6233, 6238, 6242, 6244, 6245, 6248, 6252, 6254, 6255, 6258, 6262, 6264, 6265, 6268, 6272, 6274, 6275, 6278, 6281, 6285, 6287, 6288, 6291, 6295, 6297, 6298, 6301, 6305, 6309, 6311, 6312, 6315, 6319, 6321, 6322, 6325, 6329, 6331, 6332, 6335, 6339, 6341, 6342, 6345, 6348, 6352, 6354, 6355, 6358, 6362, 6364, 6365, 6368, 6372, 6376, 6380, 6382, 6383, 6386, 6390, 6392, 6393, 6396, 6400, 6402, 6403, 6406, 6410, 6412, 6413, 6416, 6421, 6425, 6428, 6435, 6437, 6438, 6441, 6445, 6447, 6448, 6451, 6455, 6457, 6458, 6461, 6465, 6467, 6468, 6471, 6475, 6479, 6482, 6486, 6492, 6495, 6498, 6502, 6508, 6512, 6518, 6521, 6525, 6527, 6528, 6531, 6535, 6537, 6538, 6541, 6545, 6548, 6551, 6555, 6560, 6562, 6563, 6566, 6570, 6572, 6573, 6576, 6579, 6583, 6585, 6586, 6589, 6593, 6595, 6596, 6599, 6602, 6605, 6610, 6613, 6616, 6619, 6624, 6628, 6633, 6636, 6640, 6642, 6643, 6646, 6650, 6652, 6653, 6656, 6659, 6662, 6667, 6669, 6670, 6673, 6677, 6679, 6680, 6683, 6687, 6689, 6690, 6693, 6697, 6699, 6700, 6703, 6707, 6711, 6714, 6718, 6724, 6727, 6730, 6734, 6740, 6744, 6750, 6753, 6757, 6759, 6760, 6763, 6767, 6769, 6770, 6773, 6777, 6780, 6783, 6787, 6792, 6794, 6795, 6798, 6802, 6804, 6805, 6808, 6811, 6814, 6819, 6821, 6822, 6825, 6829, 6831, 6832, 6835, 6838, 6841, 6846, 6849, 6852, 6855, 6860, 6864, 6869, 6872, 6876, 6878, 6879, 6882, 6886, 6888, 6889, 6892, 6896, 6898, 6899, 6902, 6906, 6908, 6909, 6912, 6916, 6918, 6919, 6922, 6926, 6928, 6929, 6932, 6937, 6941, 6947, 6951, 6954, 6960, 6967, 6969, 6970, 6973, 6976, 6981, 6983, 6984, 6987, 6991, 6993, 6994, 6997, 7000, 7005, 7007, 7008, 7011, 7015, 7017, 7018, 7021, 7024, 7029, 7031, 7032, 7035, 7039, 7041, 7042, 7045, 7049, 7051, 7052, 7055, 7059, 7061, 7062, 7065, 7069, 7071, 7072, 7075, 7079, 7081, 7082, 7085, 7088, 7091, 7095, 7097, 7098, 7101, 7105, 7107, 7108, 7111, 7115, 7117, 7118, 7121, 7125, 7127, 7128, 7131, 7134, 7137, 7140, 7144, 7146, 7147, 7150, 7154, 7156, 7157, 7160, 7164, 7169, 7173, 7176, 7179, 7183, 7189, 7194, 7198, 7201, 7205, 7209, 7212, 7217, 7220, 7224, 7227, 7230, 7235, 7239, 7243, 7246, 7250, 7253, 7257, 7262, 7265, 7268, 7271, 7276, 7278, 7279, 7282, 7286, 7288, 7289, 7292, 7295, 7299, 7301, 7302, 7305, 7309, 7311, 7312, 7315, 7318, 7322, 7324, 7325, 7328, 7332, 7334, 7335, 7338, 7342, 7344, 7345, 7348, 7352, 7354, 7355, 7358, 7361, 7365, 7367, 7368, 7371, 7375, 7377, 7378, 7381, 7384, 7388, 7390, 7391, 7394, 7398, 7400, 7401, 7404, 7407, 7411, 7413, 7414, 7417, 7421, 7423, 7424, 7427, 7430, 7434, 7436, 7437, 7440, 7444, 7446, 7447, 7450, 7453, 7457, 7459, 7460, 7463, 7467, 7469, 7470, 7473, 7476, 7480, 7482, 7483, 7486, 7490, 7492, 7493, 7496, 7500, 7502, 7503, 7506, 7510, 7512, 7513, 7516, 7520, 7522, 7523, 7526, 7530, 7534, 7536, 7537, 7540, 7544, 7548, 7550, 7551, 7554, 7558, 7560, 7561, 7564, 7567, 7571, 7573, 7574, 7577, 7581, 7583, 7584, 7587, 7590, 7593, 7596, 7600, 7603, 7606, 7609, 7612, 7615, 7618, 7621, 7624, 7627, 7630, 7634, 7639, 7642, 7647, 7650, 7653, 7656, 7660, 7663, 7668, 7671, 7674, 7680, 7685, 7687, 7688, 7691, 7695, 7697, 7698, 7701, 7705, 7707, 7708, 7711, 7715, 7719, 7721, 7722, 7725, 7729, 7733, 7735, 7736, 7739, 7743, 7745, 7746, 7749, 7752, 7755, 7758, 7762, 7765, 7768, 7771, 7774, 7777, 7780, 7783, 7786, 7789, 7792, 7795, 7799, 7804, 7807, 7812, 7815, 7818, 7821, 7825, 7828, 7833, 7836, 7839, 7845, 7850, 7852, 7853, 7856, 7860, 7865, 7868, 7871, 7875, 7880, 7883, 7886, 7889, 7892, 7897, 7899, 7900, 7903, 7907, 7909, 7910, 7913, 7916, 7919, 7921, 7922, 7925, 7928, 7931, 7933, 7934, 7937, 7941, 7943, 7944, 7947, 7950, 7955, 7958, 7963, 7967, 7969, 7970, 7973, 7977, 7979, 7980, 7983, 7986, 7990, 7992, 7993, 7996, 8000, 8002, 8003, 8006, 8010, 8012, 8013, 8016, 8020, 8022, 8023, 8026, 8029, 8033, 8035, 8036, 8039, 8043, 8045, 8046, 8049, 8052, 8055, 8058, 8061, 8065, 8067, 8068, 8071, 8075, 8077, 8078, 8081, 8084, 8087, 8090, 8096, 8099, 8103, 8105, 8106, 8109, 8113, 8115, 8116, 8119, 8122, 8126, 8128, 8129, 8132, 8136, 8138, 8139, 8142, 8145, 8149, 8151, 8152, 8155, 8159, 8161, 8162, 8165, 8169, 8171, 8172, 8175, 8179, 8181, 8182, 8185, 8188, 8192, 8194, 8195, 8198, 8202, 8204, 8205, 8208, 8212, 8214, 8215, 8218, 8222, 8224, 8225, 8228, 8232, 8234, 8235, 8238, 8242, 8244, 8245, 8248, 8251, 8256, 8261, 8263, 8264, 8267, 8271, 8273, 8274, 8277, 8280, 8283, 8285, 8286, 8289, 8293, 8295, 8296, 8299, 8302, 8306, 8308, 8309, 8312, 8316, 8318, 8319, 8322, 8326, 8328, 8329, 8332, 8336, 8338, 8339, 8342, 8346, 8348, 8349, 8352, 8356, 8358, 8359, 8362, 8366, 8368, 8369, 8372, 8376, 8378, 8379, 8382, 8386, 8388, 8389, 8392, 8396, 8398, 8399, 8402, 8406, 8408, 8409, 8412, 8416, 8418, 8419, 8422, 8425, 8429, 8433, 8436, 8439, 8443, 8445, 8446, 8449, 8453, 8455, 8456, 8459, 8462, 8466, 8468, 8469, 8472, 8476, 8478, 8479, 8482, 8485, 8489, 8492, 8495, 8500, 8502, 8503, 8506, 8510, 8512, 8513, 8516, 8519, 8523, 8526, 8529, 8534, 8536, 8537, 8540, 8544, 8546, 8547, 8550, 8553, 8556, 8559, 8564, 8566, 8567, 8570, 8574, 8576, 8577, 8580, 8583, 8585, 8588, 8591, 8594, 8599, 8601, 8602, 8605, 8609, 8611, 8612, 8615, 8620, 8623, 8626, 8630, 8632, 8633, 8636, 8640, 8642, 8643, 8646, 8649, 8652, 8656, 8658, 8659, 8662, 8666, 8668, 8669, 8672, 8675, 8678, 8681, 8684, 8688, 8690, 8691, 8694, 8698, 8700, 8701, 8704, 8707, 8710, 8713, 8716, 8720, 8722, 8723, 8726, 8729, 8732, 8735, 8739, 8741, 8742, 8745, 8749, 8751, 8752, 8755, 8758, 8761, 8764, 8768, 8770, 8771, 8774, 8778, 8780, 8781, 8784, 8787, 8791, 8793, 8794, 8797, 8801, 8803, 8804, 8807, 8810, 8813, 8816, 8819, 8823, 8825, 8826, 8829, 8833, 8835, 8836, 8839, 8842, 8845, 8848, 8852, 8854, 8855, 8858, 8862, 8864, 8865, 8868, 8871, 8875, 8878, 8882, 8885, 8888, 8892, 8894, 8895, 8898, 8902, 8904, 8905, 8908, 8911, 8915, 8918, 8922, 8925, 8928, 8931, 8937, 8939, 8940, 8943, 8947, 8949, 8950, 8953, 8957, 8959, 8960, 8963, 8967, 8969, 8970, 8973, 8977, 8979, 8980, 8983, 8987, 8989, 8990, 8993, 8997, 9000, 9003, 9007, 9009, 9010, 9013, 9017, 9019, 9020, 9023, 9028, 9033, 9036, 9040, 9042, 9043, 9046, 9050, 9052, 9053, 9056, 9060, 9062, 9063, 9066, 9070, 9072, 9073, 9076, 9080, 9083, 9086, 9090, 9092, 9093, 9096, 9100, 9102, 9103, 9106, 9111, 9116, 9119, 9122, 9127, 9129, 9130, 9133, 9137, 9139, 9140, 9143, 9147, 9149, 9150, 9153, 9157, 9159, 9160, 9163, 9167, 9170, 9174, 9177, 9181, 9183, 9184, 9187, 9191, 9193, 9194, 9197, 9202, 9207, 9210, 9214, 9216, 9217, 9220, 9224, 9226, 9227, 9230, 9234, 9236, 9237, 9240, 9244, 9246, 9247, 9250, 9254, 9260, 9264, 9267, 9270, 9273, 9276, 9280, 9282, 9283, 9286, 9290, 9292, 9293, 9296, 9301, 9306, 9309, 9313, 9315, 9316, 9319, 9323, 9325, 9326, 9329, 9332, 9336, 9338, 9339, 9342, 9346, 9348, 9349, 9352, 9357, 9360, 9364, 9368, 9370, 9371, 9374, 9378, 9380, 9381, 9384, 9387, 9390, 9394, 9396, 9397, 9400, 9404, 9406, 9407, 9410, 9413, 9416, 9421, 9423, 9424, 9427, 9431, 9433, 9434, 9437, 9440, 9444, 9446, 9447, 9450, 9454, 9456, 9457, 9460, 9464, 9466, 9467, 9470, 9474, 9476, 9477, 9480, 9484, 9486, 9487, 9490, 9494, 9496, 9497, 9500, 9503, 9507, 9512, 9514, 9515, 9518, 9522, 9524, 9525, 9528, 9531, 9534, 9538, 9540, 9541, 9544, 9548, 9550, 9551, 9554, 9558, 9560, 9561, 9564, 9568, 9570, 9571, 9574, 9578, 9581, 9584, 9587, 9591, 9593, 9594, 9597, 9601, 9604, 9608, 9610, 9611, 9614, 9618, 9620, 9621, 9624, 9628, 9630, 9631, 9634, 9638, 9640, 9641, 9644, 9648, 9650, 9651, 9654, 9658, 9660, 9661, 9664, 9668, 9670, 9671, 9674, 9678, 9681, 9685, 9689, 9692, 9696, 9700, 9704, 9707, 9711, 9714, 9718, 9721, 9725, 9728, 9732, 9734, 9735, 9738, 9742, 9745, 9750, 9752, 9753, 9756, 9759, 9764, 9766, 9767, 9770, 9774, 9776, 9777, 9780, 9784, 9787, 9790, 9794, 9798, 9801, 9805, 9809, 9813, 9816, 9820, 9824, 9827, 9831, 9834, 9838, 9841, 9845, 9847, 9848, 9851, 9855, 9857, 9858, 9861, 9865, 9867, 9868, 9871, 9874, 9878, 9881, 9884, 9887, 9891, 9895, 9899, 9903, 9908, 9913, 9919, 9922, 9925, 9929, 9933, 9937, 9940, 9943, 9948, 9950, 9951, 9954, 9957, 9960, 9964, 9967, 9972, 9974, 9975, 9978, 9982, 9984, 9985, 9988, 9992, 9996, 9998, 9999, 10002, 10006, 10008, 10009, 10012, 10015, 10019, 10021, 10022, 10025, 10029, 10031, 10032, 10035, 10038, 10042, 10044, 10045, 10048, 10052, 10054, 10055, 10058, 10061, 10064, 10067, 10071, 10073, 10074, 10077, 10081, 10083, 10084, 10087, 10090, 10094, 10096, 10097, 10100, 10104, 10106, 10107, 10110, 10114, 10116, 10117, 10120, 10124, 10126, 10127, 10130, 10134, 10136, 10137, 10140, 10144, 10146, 10147, 10150, 10154, 10156, 10157, 10160, 10164, 10166, 10167, 10170, 10174, 10178, 10180, 10181, 10184, 10188, 10190, 10191, 10194, 10198, 10202, 10204, 10205, 10208, 10212, 10214, 10215, 10218, 10222, 10224, 10225, 10228, 10232, 10234, 10235, 10238, 10241, 10246, 10248, 10249, 10252, 10255, 10259, 10262, 10265, 10270, 10272, 10273, 10276, 10280, 10282, 10283, 10286, 10289, 10294, 10296, 10297, 10300, 10304, 10306, 10307, 10310, 10313, 10317, 10320, 10324, 10328, 10331, 10338, 10342, 10344, 10345, 10348, 10352, 10354, 10355, 10358, 10362, 10364, 10365, 10368, 10372, 10374, 10375, 10378, 10382, 10384, 10385, 10388, 10391, 10395, 10397, 10398, 10401, 10405, 10407, 10408, 10411, 10414, 10418, 10420, 10421, 10424, 10428, 10430, 10431, 10434, 10438, 10440, 10441, 10444, 10448, 10450, 10451, 10454, 10458, 10460, 10461, 10464, 10468, 10470, 10471, 10474, 10477, 10481, 10483, 10484, 10487, 10491, 10493, 10494, 10497, 10501, 10503, 10504, 10507, 10510, 10514, 10516, 10517, 10520, 10524, 10526, 10527, 10530, 10534, 10536, 10537, 10540, 10544, 10546, 10547, 10550, 10553, 10556, 10559, 10563, 10565, 10566, 10569, 10573, 10575, 10576, 10579, 10582, 10585, 10589, 10591, 10592, 10595, 10599, 10601, 10602, 10605, 10608, 10611, 10615, 10618, 10621, 10625, 10627, 10628, 10631, 10635, 10637, 10638, 10641, 10644, 10648, 10651, 10655, 10658, 10663, 10665, 10666, 10669, 10673, 10675, 10676, 10679, 10683, 10688, 10693, 10696, 10699, 10705, 10707, 10708, 10711, 10715, 10717, 10718, 10721, 10725, 10730, 10734, 10736, 10737, 10740, 10744, 10746, 10747, 10750, 10753, 10758, 10763, 10765, 10766, 10769, 10773, 10775, 10776, 10779, 10783, 10788, 10791, 10795, 10797, 10798, 10801, 10805, 10807, 10808, 10811, 10815, 10817, 10818, 10821, 10825, 10827, 10828, 10831, 10834, 10837, 10840, 10843, 10847, 10849, 10850, 10853, 10857, 10859, 10860, 10863, 10867, 10869, 10870, 10873, 10876, 10880, 10882, 10883, 10886, 10890, 10892, 10893, 10896, 10900, 10902, 10903, 10906, 10909, 10912, 10917, 10919, 10920, 10923, 10927, 10929, 10930, 10933, 10936, 10939, 10945, 10947, 10948, 10951, 10955, 10957, 10958, 10961, 10965, 10967, 10968, 10971, 10975, 10977, 10978, 10981, 10985, 10988, 10992, 10994, 10995, 10998, 11002, 11004, 11005, 11008, 11013, 11016, 11022, 11026, 11028, 11029, 11032, 11036, 11038, 11039, 11042, 11046, 11049, 11052, 11055, 11060, 11062, 11063, 11066, 11070, 11072, 11073, 11076, 11080, 11082, 11083, 11086, 11090, 11092, 11093, 11096, 11099, 11103, 11107], "summary": {"covered_lines": 3200, "num_statements": 3200, "percent_covered": 100.0, "percent_covered_display": "100", "missing_lines": 0, "excluded_lines": 0}, "missing_lines": [], "excluded_lines": []}}}, "prmxctrl/models/pools.py": {"executed_lines": [1, 8, 9, 10, 12, 13, 16, 20, 22, 23, 26, 28, 31, 33, 34, 37, 40, 42, 43, 46, 48, 51, 53, 54, 57, 61, 63, 64, 67, 69, 72, 74, 77, 81], "summary": {"covered_lines": 27, "num_statements": 27, "percent_covered": 100.0, "percent_covered_display": "100", "missing_lines": 0, "excluded_lines": 0}, "missing_lines": [], "excluded_lines": [], "functions": {"": {"executed_lines": [1, 8, 9, 10, 12, 13, 16, 20, 22, 23, 26, 28, 31, 33, 34, 37, 40, 42, 43, 46, 48, 51, 53, 54, 57, 61, 63, 64, 67, 69, 72, 74, 77, 81], "summary": {"covered_lines": 27, "num_statements": 27, "percent_covered": 100.0, "percent_covered_display": "100", "missing_lines": 0, "excluded_lines": 0}, "missing_lines": [], "excluded_lines": []}}, "classes": {"PoolsGETResponse": {"executed_lines": [], "summary": {"covered_lines": 0, "num_statements": 0, "percent_covered": 100.0, "percent_covered_display": "100", "missing_lines": 0, "excluded_lines": 0}, "missing_lines": [], "excluded_lines": []}, "PoolsPOSTRequest": {"executed_lines": [], "summary": {"covered_lines": 0, "num_statements": 0, "percent_covered": 100.0, "percent_covered_display": "100", "missing_lines": 0, "excluded_lines": 0}, "missing_lines": [], "excluded_lines": []}, "Pools_PoolidDELETERequest": {"executed_lines": [], "summary": {"covered_lines": 0, "num_statements": 0, "percent_covered": 100.0, "percent_covered_display": "100", "missing_lines": 0, "excluded_lines": 0}, "missing_lines": [], "excluded_lines": []}, "Pools_PoolidGETRequest": {"executed_lines": [], "summary": {"covered_lines": 0, "num_statements": 0, "percent_covered": 100.0, "percent_covered_display": "100", "missing_lines": 0, "excluded_lines": 0}, "missing_lines": [], "excluded_lines": []}, "Pools_PoolidGETResponse": {"executed_lines": [], "summary": {"covered_lines": 0, "num_statements": 0, "percent_covered": 100.0, "percent_covered_display": "100", "missing_lines": 0, "excluded_lines": 0}, "missing_lines": [], "excluded_lines": []}, "Pools_PoolidPUTRequest": {"executed_lines": [], "summary": {"covered_lines": 0, "num_statements": 0, "percent_covered": 100.0, "percent_covered_display": "100", "missing_lines": 0, "excluded_lines": 0}, "missing_lines": [], "excluded_lines": []}, "": {"executed_lines": [1, 8, 9, 10, 12, 13, 16, 20, 22, 23, 26, 28, 31, 33, 34, 37, 40, 42, 43, 46, 48, 51, 53, 54, 57, 61, 63, 64, 67, 69, 72, 74, 77, 81], "summary": {"covered_lines": 27, "num_statements": 27, "percent_covered": 100.0, "percent_covered_display": "100", "missing_lines": 0, "excluded_lines": 0}, "missing_lines": [], "excluded_lines": []}}}, "prmxctrl/models/storage.py": {"executed_lines": [1, 8, 9, 10, 12, 13, 16, 20, 22, 23, 26, 30, 32, 33, 36, 39, 42, 45, 48, 51, 54, 57, 61, 65, 68, 71, 75, 79, 82, 85, 88, 92, 95, 99, 102, 105, 108, 111, 115, 121, 125, 129, 132, 135, 138, 142, 145, 148, 151, 155, 158, 161, 167, 170, 174, 178, 181, 184, 187, 190, 193, 196, 200, 203, 206, 209, 212, 215, 218, 221, 224, 227, 230, 234, 236, 237, 240, 244, 246, 247, 250, 254, 256, 257, 260, 264, 266, 267, 270, 274, 276, 277, 280, 283, 286, 289, 292, 295, 299, 303, 307, 311, 314, 318, 322, 325, 328, 332, 335, 339, 342, 345, 348, 352, 358, 362, 366, 369, 372, 375, 379, 382, 385, 388, 392, 395, 401, 405, 409, 412, 415, 418, 421, 424, 428, 431, 434, 437, 440, 443, 447, 449, 450, 453, 457], "summary": {"covered_lines": 135, "num_statements": 135, "percent_covered": 100.0, "percent_covered_display": "100", "missing_lines": 0, "excluded_lines": 0}, "missing_lines": [], "excluded_lines": [], "functions": {"": {"executed_lines": [1, 8, 9, 10, 12, 13, 16, 20, 22, 23, 26, 30, 32, 33, 36, 39, 42, 45, 48, 51, 54, 57, 61, 65, 68, 71, 75, 79, 82, 85, 88, 92, 95, 99, 102, 105, 108, 111, 115, 121, 125, 129, 132, 135, 138, 142, 145, 148, 151, 155, 158, 161, 167, 170, 174, 178, 181, 184, 187, 190, 193, 196, 200, 203, 206, 209, 212, 215, 218, 221, 224, 227, 230, 234, 236, 237, 240, 244, 246, 247, 250, 254, 256, 257, 260, 264, 266, 267, 270, 274, 276, 277, 280, 283, 286, 289, 292, 295, 299, 303, 307, 311, 314, 318, 322, 325, 328, 332, 335, 339, 342, 345, 348, 352, 358, 362, 366, 369, 372, 375, 379, 382, 385, 388, 392, 395, 401, 405, 409, 412, 415, 418, 421, 424, 428, 431, 434, 437, 440, 443, 447, 449, 450, 453, 457], "summary": {"covered_lines": 135, "num_statements": 135, "percent_covered": 100.0, "percent_covered_display": "100", "missing_lines": 0, "excluded_lines": 0}, "missing_lines": [], "excluded_lines": []}}, "classes": {"StorageGETRequest": {"executed_lines": [], "summary": {"covered_lines": 0, "num_statements": 0, "percent_covered": 100.0, "percent_covered_display": "100", "missing_lines": 0, "excluded_lines": 0}, "missing_lines": [], "excluded_lines": []}, "StorageGETResponse": {"executed_lines": [], "summary": {"covered_lines": 0, "num_statements": 0, "percent_covered": 100.0, "percent_covered_display": "100", "missing_lines": 0, "excluded_lines": 0}, "missing_lines": [], "excluded_lines": []}, "StoragePOSTRequest": {"executed_lines": [], "summary": {"covered_lines": 0, "num_statements": 0, "percent_covered": 100.0, "percent_covered_display": "100", "missing_lines": 0, "excluded_lines": 0}, "missing_lines": [], "excluded_lines": []}, "StoragePOSTResponse": {"executed_lines": [], "summary": {"covered_lines": 0, "num_statements": 0, "percent_covered": 100.0, "percent_covered_display": "100", "missing_lines": 0, "excluded_lines": 0}, "missing_lines": [], "excluded_lines": []}, "Storage_StorageDELETERequest": {"executed_lines": [], "summary": {"covered_lines": 0, "num_statements": 0, "percent_covered": 100.0, "percent_covered_display": "100", "missing_lines": 0, "excluded_lines": 0}, "missing_lines": [], "excluded_lines": []}, "Storage_StorageGETRequest": {"executed_lines": [], "summary": {"covered_lines": 0, "num_statements": 0, "percent_covered": 100.0, "percent_covered_display": "100", "missing_lines": 0, "excluded_lines": 0}, "missing_lines": [], "excluded_lines": []}, "Storage_StorageGETResponse": {"executed_lines": [], "summary": {"covered_lines": 0, "num_statements": 0, "percent_covered": 100.0, "percent_covered_display": "100", "missing_lines": 0, "excluded_lines": 0}, "missing_lines": [], "excluded_lines": []}, "Storage_StoragePUTRequest": {"executed_lines": [], "summary": {"covered_lines": 0, "num_statements": 0, "percent_covered": 100.0, "percent_covered_display": "100", "missing_lines": 0, "excluded_lines": 0}, "missing_lines": [], "excluded_lines": []}, "Storage_StoragePUTResponse": {"executed_lines": [], "summary": {"covered_lines": 0, "num_statements": 0, "percent_covered": 100.0, "percent_covered_display": "100", "missing_lines": 0, "excluded_lines": 0}, "missing_lines": [], "excluded_lines": []}, "": {"executed_lines": [1, 8, 9, 10, 12, 13, 16, 20, 22, 23, 26, 30, 32, 33, 36, 39, 42, 45, 48, 51, 54, 57, 61, 65, 68, 71, 75, 79, 82, 85, 88, 92, 95, 99, 102, 105, 108, 111, 115, 121, 125, 129, 132, 135, 138, 142, 145, 148, 151, 155, 158, 161, 167, 170, 174, 178, 181, 184, 187, 190, 193, 196, 200, 203, 206, 209, 212, 215, 218, 221, 224, 227, 230, 234, 236, 237, 240, 244, 246, 247, 250, 254, 256, 257, 260, 264, 266, 267, 270, 274, 276, 277, 280, 283, 286, 289, 292, 295, 299, 303, 307, 311, 314, 318, 322, 325, 328, 332, 335, 339, 342, 345, 348, 352, 358, 362, 366, 369, 372, 375, 379, 382, 385, 388, 392, 395, 401, 405, 409, 412, 415, 418, 421, 424, 428, 431, 434, 437, 440, 443, 447, 449, 450, 453, 457], "summary": {"covered_lines": 135, "num_statements": 135, "percent_covered": 100.0, "percent_covered_display": "100", "missing_lines": 0, "excluded_lines": 0}, "missing_lines": [], "excluded_lines": []}}}, "prmxctrl/models/version.py": {"executed_lines": [1, 8, 9, 11, 12, 15, 19], "summary": {"covered_lines": 5, "num_statements": 5, "percent_covered": 100.0, "percent_covered_display": "100", "missing_lines": 0, "excluded_lines": 0}, "missing_lines": [], "excluded_lines": [], "functions": {"": {"executed_lines": [1, 8, 9, 11, 12, 15, 19], "summary": {"covered_lines": 5, "num_statements": 5, "percent_covered": 100.0, "percent_covered_display": "100", "missing_lines": 0, "excluded_lines": 0}, "missing_lines": [], "excluded_lines": []}}, "classes": {"VersionGETResponse": {"executed_lines": [], "summary": {"covered_lines": 0, "num_statements": 0, "percent_covered": 100.0, "percent_covered_display": "100", "missing_lines": 0, "excluded_lines": 0}, "missing_lines": [], "excluded_lines": []}, "": {"executed_lines": [1, 8, 9, 11, 12, 15, 19], "summary": {"covered_lines": 5, "num_statements": 5, "percent_covered": 100.0, "percent_covered_display": "100", "missing_lines": 0, "excluded_lines": 0}, "missing_lines": [], "excluded_lines": []}}}}, "totals": {"covered_lines": 7422, "num_statements": 8812, "percent_covered": 84.2260553790286, "percent_covered_display": "84", "missing_lines": 1390, "excluded_lines": 0}}